TN:
SF:/home/iherrera/Documents/UBA/2018_2C/algo1_taller/TPI3/enunciadoTPI_v05.11/src/ejercicios.cpp
FN:28,_Z17esMatrizIndividuoSt6vectorIS_IiSaIiEESaIS1_EE
FN:39,_Z13esMatrizHogarSt6vectorIS_IiSaIiEESaIS1_EE
FN:50,_Z15individuoValidoSt6vectorIiSaIiEE
FN:103,_Z17individuosValidosSt6vectorIS_IiSaIiEESaIS1_EE
FN:113,_Z11hogarValidoSt6vectorIiSaIiEE
FN:132,_Z14hogaresValidosSt6vectorIS_IiSaIiEESaIS1_EE
FN:142,_Z19individuosDistintosSt6vectorIS_IiSaIiEESaIS1_EE
FN:157,_Z13hogaresUnicosSt6vectorIS_IiSaIiEESaIS1_EE
FN:170,_Z12mismoPeriodoSt6vectorIS_IiSaIiEESaIS1_EES3_
FN:182,_Z17individuoConHogarSt6vectorIiSaIiEES_IS1_SaIS1_EE
FN:192,_Z18individuosConHogarSt6vectorIS_IiSaIiEESaIS1_EES3_
FN:202,_Z17hogarConIndividuoSt6vectorIiSaIiEES_IS1_SaIS1_EE
FN:213,_Z20hogaresConIndividuosSt6vectorIS_IiSaIiEESaIS1_EES3_
FN:223,_Z20cumIngresoIndividualSt6vectorIS_IiSaIiEESaIS1_EEi
FN:237,_Z19ingresoHogarEnRangoSt6vectorIS_IiSaIiEESaIS1_EES3_
FN:247,_Z17tablasCompatiblesSt6vectorIS_IiSaIiEESaIS1_EES3_
FN:252,_Z16esEncuestaValidaSt6vectorIS_IiSaIiEESaIS1_EES3_
FN:260,_Z24esElActivoDeMayorIngresoSt6vectorIiSaIiEES_IS1_SaIS1_EE
FN:270,_Z20activoDeMayorIngresoSt6vectorIS_IiSaIiEESaIS1_EE
FN:282,_Z28mayorIngresoPorPersonaActivaSt6vectorIS_IiSaIiEESaIS1_EES3_
FN:298,_Z6esPropSt6vectorIiSaIiEE
FN:302,_Z9compHogarSt6vectorIiSaIiEES_IS1_SaIS1_EE
FN:313,_Z25porcHogaresNoPropMiemMay3St6vectorIS_IiSaIiEESaIS1_EES3_
FN:328,_Z23hogarConUnSoloHabitanteSt6vectorIiSaIiEES_IS1_SaIS1_EE
FN:337,_Z17individuoDelHogarSt6vectorIiSaIiEES_IS1_SaIS1_EE
FN:348,_Z15esUniversitarioSt6vectorIiSaIiEE
FN:352,_Z11esMenorDe45St6vectorIiSaIiEE
FN:356,_Z18esTrabajadorActivoSt6vectorIiSaIiEE
FN:360,_Z15esPerfilBuscadoSt6vectorIiSaIiEES_IS1_SaIS1_EE
FN:370,_Z16hogarSoloGeneroGSt6vectorIiSaIiEES_IS1_SaIS1_EEi
FN:383,_Z22cantidadHogaresXGeneroSt6vectorIS_IiSaIiEESaIS1_EES3_i
FN:395,_Z24cantidadHogaresXNoGeneroSt6vectorIS_IiSaIiEESaIS1_EES3_i
FN:409,_Z23generoGPosiblesClientesSt6vectorIS_IiSaIiEESaIS1_EES3_i
FN:418,_Z6swapTIRSt6vectorIS_IiSaIiEESaIS1_EEii
FN:425,_Z7findITFSt6vectorIiSaIiEES_IS1_SaIS1_EE
FN:437,_Z18findMaxITFPositionSt6vectorIS_IiSaIiEESaIS1_EES3_ii
FN:447,_Z15ordenarSegunITFRSt6vectorIS_IiSaIiEESaIS1_EES3_
FN:455,_Z20desempateSegunCODUSURSt6vectorIS_IiSaIiEESaIS1_EES3_
FN:467,_Z11findMinCompSt6vectorIS_IiSaIiEESaIS1_EEii
FN:481,_Z22ordenarSegunComponenteRSt6vectorIS_IiSaIiEESaIS1_EE
FN:489,_Z13ordenarPorITFRSt6vectorIS_IiSaIiEESaIS1_EES3_
FN:498,_Z19esMaxNivelEducativoiSt6vectorIiSaIiEES_IS1_SaIS1_EE
FN:510,_Z25cantHogaresNivelEducativoiSt6vectorIS_IiSaIiEESaIS1_EES3_
FN:521,_Z20nivelEducativoXHogarSt6vectorIS_IiSaIiEESaIS1_EES3_
FN:533,_Z22sonDistintosTrimestresSt6vectorIS_IiSaIiEESaIS1_EES3_S3_S3_
FN:544,_Z29hogaresOrdenadosPorITFyCODUSUSt6vectorIS_IiSaIiEESaIS1_EE
FN:568,_Z19limIzquierdoCuartilSt6vectorIS_IiSaIiEESaIS1_EEi
FN:572,_Z16limDerechoCuartiSt6vectorIS_IiSaIiEESaIS1_EEi
FN:576,_Z19promedIngHogarCuartSt6vectorIS_IiSaIiEESaIS1_EEi
FN:587,_Z20promedCompHogarCuartSt6vectorIS_IiSaIiEESaIS1_EES3_i
FN:602,_Z16promCasosCuartilSt6vectorIS_IiSaIiEESaIS1_EES3_i
FN:614,_Z29crecimientoHogarenoVsIngresosSt6vectorIS_IiSaIiEESaIS1_EES3_S3_S3_
FNDA:25,_Z17esMatrizIndividuoSt6vectorIS_IiSaIiEESaIS1_EE
FNDA:17,_Z13esMatrizHogarSt6vectorIS_IiSaIiEESaIS1_EE
FNDA:25103,_Z15individuoValidoSt6vectorIiSaIiEE
FNDA:12,_Z17individuosValidosSt6vectorIS_IiSaIiEESaIS1_EE
FNDA:8610,_Z11hogarValidoSt6vectorIiSaIiEE
FNDA:15,_Z14hogaresValidosSt6vectorIS_IiSaIiEESaIS1_EE
FNDA:16,_Z19individuosDistintosSt6vectorIS_IiSaIiEESaIS1_EE
FNDA:13,_Z13hogaresUnicosSt6vectorIS_IiSaIiEESaIS1_EE
FNDA:8,_Z12mismoPeriodoSt6vectorIS_IiSaIiEESaIS1_EES3_
FNDA:23105,_Z17individuoConHogarSt6vectorIiSaIiEES_IS1_SaIS1_EE
FNDA:7,_Z18individuosConHogarSt6vectorIS_IiSaIiEESaIS1_EES3_
FNDA:7744,_Z17hogarConIndividuoSt6vectorIiSaIiEES_IS1_SaIS1_EE
FNDA:6,_Z20hogaresConIndividuosSt6vectorIS_IiSaIiEESaIS1_EES3_
FNDA:7739,_Z20cumIngresoIndividualSt6vectorIS_IiSaIiEESaIS1_EEi
FNDA:5,_Z19ingresoHogarEnRangoSt6vectorIS_IiSaIiEESaIS1_EES3_
FNDA:8,_Z17tablasCompatiblesSt6vectorIS_IiSaIiEESaIS1_EES3_
FNDA:25,_Z16esEncuestaValidaSt6vectorIS_IiSaIiEESaIS1_EES3_
FNDA:21,_Z24esElActivoDeMayorIngresoSt6vectorIiSaIiEES_IS1_SaIS1_EE
FNDA:2,_Z20activoDeMayorIngresoSt6vectorIS_IiSaIiEESaIS1_EE
FNDA:2,_Z28mayorIngresoPorPersonaActivaSt6vectorIS_IiSaIiEESaIS1_EES3_
FNDA:105,_Z6esPropSt6vectorIiSaIiEE
FNDA:105,_Z9compHogarSt6vectorIiSaIiEES_IS1_SaIS1_EE
FNDA:3,_Z25porcHogaresNoPropMiemMay3St6vectorIS_IiSaIiEESaIS1_EES3_
FNDA:220,_Z23hogarConUnSoloHabitanteSt6vectorIiSaIiEES_IS1_SaIS1_EE
FNDA:70,_Z17individuoDelHogarSt6vectorIiSaIiEES_IS1_SaIS1_EE
FNDA:70,_Z15esUniversitarioSt6vectorIiSaIiEE
FNDA:42,_Z11esMenorDe45St6vectorIiSaIiEE
FNDA:16,_Z18esTrabajadorActivoSt6vectorIiSaIiEE
FNDA:220,_Z15esPerfilBuscadoSt6vectorIiSaIiEES_IS1_SaIS1_EE
FNDA:16,_Z16hogarSoloGeneroGSt6vectorIiSaIiEES_IS1_SaIS1_EEi
FNDA:4,_Z22cantidadHogaresXGeneroSt6vectorIS_IiSaIiEESaIS1_EES3_i
FNDA:4,_Z24cantidadHogaresXNoGeneroSt6vectorIS_IiSaIiEESaIS1_EES3_i
FNDA:4,_Z23generoGPosiblesClientesSt6vectorIS_IiSaIiEESaIS1_EES3_i
FNDA:36,_Z6swapTIRSt6vectorIS_IiSaIiEESaIS1_EEii
FNDA:250,_Z7findITFSt6vectorIiSaIiEES_IS1_SaIS1_EE
FNDA:18,_Z18findMaxITFPositionSt6vectorIS_IiSaIiEESaIS1_EES3_ii
FNDA:2,_Z15ordenarSegunITFRSt6vectorIS_IiSaIiEESaIS1_EES3_
FNDA:2,_Z20desempateSegunCODUSURSt6vectorIS_IiSaIiEESaIS1_EES3_
FNDA:16,_Z11findMinCompSt6vectorIS_IiSaIiEESaIS1_EEii
FNDA:2,_Z22ordenarSegunComponenteRSt6vectorIS_IiSaIiEESaIS1_EE
FNDA:2,_Z13ordenarPorITFRSt6vectorIS_IiSaIiEESaIS1_EES3_
FNDA:110,_Z19esMaxNivelEducativoiSt6vectorIiSaIiEES_IS1_SaIS1_EE
FNDA:4,_Z25cantHogaresNivelEducativoiSt6vectorIS_IiSaIiEESaIS1_EES3_
FNDA:2,_Z20nivelEducativoXHogarSt6vectorIS_IiSaIiEESaIS1_EES3_
FNDA:2,_Z22sonDistintosTrimestresSt6vectorIS_IiSaIiEESaIS1_EES3_S3_S3_
FNDA:4,_Z29hogaresOrdenadosPorITFyCODUSUSt6vectorIS_IiSaIiEESaIS1_EE
FNDA:48,_Z19limIzquierdoCuartilSt6vectorIS_IiSaIiEESaIS1_EEi
FNDA:5001,_Z16limDerechoCuartiSt6vectorIS_IiSaIiEESaIS1_EEi
FNDA:16,_Z19promedIngHogarCuartSt6vectorIS_IiSaIiEESaIS1_EEi
FNDA:16,_Z20promedCompHogarCuartSt6vectorIS_IiSaIiEESaIS1_EES3_i
FNDA:8,_Z16promCasosCuartilSt6vectorIS_IiSaIiEESaIS1_EES3_i
FNDA:2,_Z29crecimientoHogarenoVsIngresosSt6vectorIS_IiSaIiEESaIS1_EES3_S3_S3_
FNF:52
FNH:52
DA:28,25
DA:30,25
DA:31,25206
DA:32,25181
DA:33,8
DA:36,25
DA:39,17
DA:41,17
DA:42,8635
DA:43,8618
DA:44,1
DA:47,17
DA:50,25103
DA:51,25103
DA:52,25103
DA:56,25103
DA:57,1
DA:60,25103
DA:61,1
DA:64,25103
DA:65,1
DA:68,25103
DA:69,999
DA:72,25103
DA:73,2
DA:76,25103
DA:77,1
DA:80,25103
DA:81,1
DA:84,25103
DA:85,217
DA:88,25103
DA:89,1
DA:92,25103
DA:93,1
DA:96,25103
DA:97,1
DA:100,50206
DA:103,12
DA:104,12
DA:105,25115
DA:106,25103
DA:107,1221
DA:110,12
DA:113,8610
DA:114,8610
DA:115,8610
DA:118,8610
DA:119,2
DA:122,8610
DA:123,2
DA:126,8610
DA:127,2
DA:129,17220
DA:132,15
DA:133,15
DA:134,8625
DA:135,8610
DA:136,2
DA:139,15
DA:142,16
DA:144,16
DA:145,25143
DA:146,115321350
DA:147,115296223
DA:148,36655
DA:149,1
DA:154,16
DA:157,13
DA:159,13
DA:160,8615
DA:161,12594843
DA:162,12586241
DA:163,1
DA:167,13
DA:170,8
DA:171,8
DA:172,23119
DA:173,74476829
DA:174,74453718
DA:175,4
DA:179,8
DA:182,23105
DA:183,23105
DA:184,74476799
DA:185,74453694
DA:186,23104
DA:189,23105
DA:192,7
DA:193,7
DA:194,23112
DA:195,23105
DA:196,1
DA:199,7
DA:202,7744
DA:203,7744
DA:204,35452255
DA:205,35452254
DA:206,7743
DA:207,7743
DA:210,7744
DA:213,6
DA:214,6
DA:215,7750
DA:216,7744
DA:217,1
DA:220,6
DA:223,7739
DA:224,7739
DA:225,74461385
DA:226,74453646
DA:227,23093
DA:229,2658
DA:231,20435
DA:234,7739
DA:237,5
DA:238,5
DA:239,7744
DA:240,7739
DA:241,1
DA:244,5
DA:247,8
DA:248,8
DA:252,25
DA:253,25
DA:254,25
DA:260,21
DA:261,21
DA:262,330
DA:263,309
DA:264,100
DA:267,21
DA:270,2
DA:271,2
DA:272,21
DA:273,21
DA:274,2
DA:275,2
DA:278,2
DA:282,2
DA:283,2
DA:284,4
DA:286,7
DA:287,7
DA:288,2
DA:289,2
DA:292,4
DA:298,105
DA:299,105
DA:302,105
DA:303,105
DA:304,12340
DA:305,12235
DA:306,251
DA:309,105
DA:313,3
DA:314,3
DA:315,3
DA:316,108
DA:317,105
DA:318,39
DA:321,3
DA:322,3
DA:328,220
DA:329,220
DA:330,24810
DA:331,24590
DA:332,526
DA:335,220
DA:337,70
DA:338,70
DA:339,3252
DA:340,3252
DA:341,70
DA:342,70
DA:345,70
DA:348,70
DA:349,70
DA:352,42
DA:353,42
DA:356,16
DA:357,16
DA:360,220
DA:361,220
DA:363,220
DA:364,140
DA:365,70
DA:367,220
DA:370,16
DA:371,16
DA:372,1218
DA:373,1208
DA:374,16
DA:375,6
DA:376,6
DA:380,16
DA:383,4
DA:384,4
DA:385,114
DA:386,110
DA:387,8
DA:388,5
DA:392,4
DA:395,4
DA:396,4
DA:397,114
DA:398,110
DA:399,8
DA:400,3
DA:404,4
DA:409,4
DA:410,4
DA:418,36
DA:419,72
DA:420,36
DA:421,36
DA:422,36
DA:425,250
DA:426,250
DA:427,554
DA:428,554
DA:429,250
DA:430,250
DA:433,250
DA:437,18
DA:438,18
DA:439,112
DA:440,94
DA:441,10
DA:444,18
DA:447,2
DA:448,20
DA:449,18
DA:450,18
DA:452,2
DA:455,2
DA:456,20
DA:458,34
DA:459,16
DA:460,2
DA:464,2
DA:467,16
DA:468,16
DA:469,44
DA:470,41
DA:471,13
DA:473,28
DA:474,3
DA:477,16
DA:481,2
DA:482,18
DA:483,16
DA:484,16
DA:486,2
DA:489,2
DA:490,2
DA:491,2
DA:492,2
DA:493,2
DA:498,110
DA:499,110
DA:500,12820
DA:501,12710
DA:502,274
DA:503,62
DA:507,110
DA:510,4
DA:511,4
DA:512,114
DA:513,110
DA:514,55
DA:517,4
DA:521,2
DA:522,2
DA:523,6
DA:524,4
DA:525,4
DA:527,2
DA:533,2
DA:534,2
DA:535,2
DA:536,2
DA:538,2
DA:539,2
DA:541,2
DA:544,4
DA:545,4
DA:547,1655
DA:548,1651
DA:549,677511
DA:550,675860
DA:551,4582
DA:554,1651
DA:557,1655
DA:559,114765
DA:560,113114
DA:561,50692
DA:565,4
DA:568,48
DA:569,48
DA:572,5001
DA:573,5001
DA:576,16
DA:577,16
DA:578,16
DA:580,1667
DA:581,1651
DA:582,1651
DA:584,16
DA:587,16
DA:588,16
DA:589,16
DA:591,1667
DA:592,3224776
DA:593,3223125
DA:594,3940
DA:597,1651
DA:599,16
DA:602,8
DA:603,8
DA:604,846
DA:605,838
DA:607,821
DA:608,813
DA:610,8
DA:614,2
DA:615,2
DA:616,2
DA:618,4
DA:619,4
DA:621,10
DA:622,8
DA:623,8
DA:624,8
DA:625,8
DA:627,8
DA:628,8
DA:629,8
DA:630,8
DA:632,8
DA:633,7
DA:636,8
DA:637,8
DA:640,8
DA:641,8
DA:644,0
DA:646,2
LF:347
LH:346
end_of_record
SF:/usr/include/c++/8/bits/alloc_traits.h
FN:435,_ZNSt16allocator_traitsISaIiEE8allocateERS0_m
FN:435,_ZNSt16allocator_traitsISaISt5tupleIJiffiEEEE8allocateERS2_m
FN:435,_ZNSt16allocator_traitsISaISt6vectorIiSaIiEEEE8allocateERS3_m
FN:435,_ZNSt16allocator_traitsISaISt5tupleIJifEEEE8allocateERS2_m
FN:461,_ZNSt16allocator_traitsISaIiEE10deallocateERS0_Pim
FN:461,_ZNSt16allocator_traitsISaISt5tupleIJifEEEE10deallocateERS2_PS1_m
FN:461,_ZNSt16allocator_traitsISaISt6vectorIiSaIiEEEE10deallocateERS3_PS2_m
FN:461,_ZNSt16allocator_traitsISaISt5tupleIJiffiEEEE10deallocateERS2_PS1_m
FN:474,_ZNSt16allocator_traitsISaISt5tupleIJiffiEEEE9constructIS1_JRKS1_EEEvRS2_PT_DpOT0_
FN:474,_ZNSt16allocator_traitsISaISt5tupleIJifEEEE9constructIS1_JRKS1_EEEvRS2_PT_DpOT0_
FN:486,_ZNSt16allocator_traitsISaISt5tupleIJifEEEE7destroyIS1_EEvRS2_PT_
FN:486,_ZNSt16allocator_traitsISaISt5tupleIJiffiEEEE7destroyIS1_EEvRS2_PT_
FN:495,_ZNSt16allocator_traitsISaISt5tupleIJifEEEE8max_sizeERKS2_
FN:495,_ZNSt16allocator_traitsISaISt5tupleIJiffiEEEE8max_sizeERKS2_
FN:504,_ZNSt16allocator_traitsISaIiEE37select_on_container_copy_constructionERKS0_
FN:504,_ZNSt16allocator_traitsISaISt6vectorIiSaIiEEEE37select_on_container_copy_constructionERKS3_
FN:516,_ZSt18__do_alloc_on_copyISaIiEEvRT_RKS1_St17integral_constantIbLb0EE
FN:520,_ZSt15__alloc_on_copyISaIiEEvRT_RKS1_
FN:558,_ZSt18__do_alloc_on_swapISaIiEEvRT_S2_St17integral_constantIbLb0EE
FN:562,_ZSt15__alloc_on_swapISaIiEEvRT_S2_
FNDA:45346,_ZNSt16allocator_traitsISaISt6vectorIiSaIiEEEE8allocateERS3_m
FNDA:8,_ZNSt16allocator_traitsISaISt5tupleIJiffiEEEE8allocateERS2_m
FNDA:6,_ZNSt16allocator_traitsISaISt5tupleIJifEEEE8allocateERS2_m
FNDA:228207954,_ZNSt16allocator_traitsISaIiEE8allocateERS0_m
FNDA:8,_ZNSt16allocator_traitsISaISt5tupleIJiffiEEEE10deallocateERS2_PS1_m
FNDA:6,_ZNSt16allocator_traitsISaISt5tupleIJifEEEE10deallocateERS2_PS1_m
FNDA:45346,_ZNSt16allocator_traitsISaISt6vectorIiSaIiEEEE10deallocateERS3_PS2_m
FNDA:228207954,_ZNSt16allocator_traitsISaIiEE10deallocateERS0_Pim
FNDA:8,_ZNSt16allocator_traitsISaISt5tupleIJiffiEEEE9constructIS1_JRKS1_EEEvRS2_PT_DpOT0_
FNDA:4,_ZNSt16allocator_traitsISaISt5tupleIJifEEEE9constructIS1_JRKS1_EEEvRS2_PT_DpOT0_
FNDA:0,_ZNSt16allocator_traitsISaISt5tupleIJiffiEEEE7destroyIS1_EEvRS2_PT_
FNDA:0,_ZNSt16allocator_traitsISaISt5tupleIJifEEEE7destroyIS1_EEvRS2_PT_
FNDA:12,_ZNSt16allocator_traitsISaISt5tupleIJiffiEEEE8max_sizeERKS2_
FNDA:8,_ZNSt16allocator_traitsISaISt5tupleIJifEEEE8max_sizeERKS2_
FNDA:45059,_ZNSt16allocator_traitsISaISt6vectorIiSaIiEEEE37select_on_container_copy_constructionERKS3_
FNDA:228017330,_ZNSt16allocator_traitsISaIiEE37select_on_container_copy_constructionERKS0_
FNDA:0,_ZSt18__do_alloc_on_copyISaIiEEvRT_RKS1_St17integral_constantIbLb0EE
FNDA:0,_ZSt15__alloc_on_copyISaIiEEvRT_RKS1_
FNDA:52343,_ZSt18__do_alloc_on_swapISaIiEEvRT_S2_St17integral_constantIbLb0EE
FNDA:52343,_ZSt15__alloc_on_swapISaIiEEvRT_S2_
FNF:20
FNH:16
DA:435,228253314
DA:436,228253314
DA:437,45346
DA:438,45346
DA:439,8
DA:440,8
DA:441,6
DA:442,6
DA:443,228207954
DA:444,228207954
DA:469,228253314
DA:470,228253314
DA:471,8
DA:472,8
DA:473,6
DA:474,6
DA:475,45346
DA:476,45346
DA:477,228207954
DA:478,228207954
DA:490,12
DA:491,12
DA:492,8
DA:493,8
DA:494,4
DA:495,4
DA:506,0
DA:507,0
DA:508,0
DA:509,0
DA:510,0
DA:511,0
DA:519,20
DA:520,20
DA:521,12
DA:522,12
DA:523,8
DA:524,8
DA:532,228062389
DA:533,228062389
DA:534,45059
DA:535,45059
DA:536,228017330
DA:537,228017330
DA:548,0
DA:549,0
DA:552,0
DA:556,0
DA:557,0
DA:590,52343
DA:591,52343
DA:594,52343
DA:598,52343
DA:599,52343
LF:54
LH:43
end_of_record
SF:/usr/include/c++/8/bits/allocator.h
FN:131,_ZNSaISt5tupleIJiffiEEEC2Ev
FN:131,_ZNSaIiEC2Ev
FN:131,_ZNSaISt5tupleIJifEEEC2Ev
FN:133,_ZNSaIiEC2ERKS_
FN:133,_ZNSaISt6vectorIiSaIiEEEC2ERKS2_
FN:139,_ZNSaISt5tupleIJiffiEEED2Ev
FN:139,_ZNSaISt6vectorIiSaIiEEED2Ev
FN:139,_ZNSaISt5tupleIJifEEED2Ev
FN:139,_ZNSaIiED2Ev
FN:164,_ZStneIiEbRKSaIT_ES3_
FNDA:4,_ZNSaISt5tupleIJiffiEEEC2Ev
FNDA:6,_ZNSaISt5tupleIJifEEEC2Ev
FNDA:40626,_ZNSaIiEC2Ev
FNDA:90226,_ZNSaISt6vectorIiSaIiEEEC2ERKS2_
FNDA:456089212,_ZNSaIiEC2ERKS_
FNDA:6,_ZNSaISt5tupleIJiffiEEED2Ev
FNDA:12,_ZNSaISt5tupleIJifEEED2Ev
FNDA:90334,_ZNSaISt6vectorIiSaIiEEED2Ev
FNDA:456129838,_ZNSaIiED2Ev
FNDA:0,_ZStneIiEbRKSaIT_ES3_
FNF:10
FNH:9
DA:131,40636
DA:133,456179438
DA:134,456179438
DA:135,90226
DA:136,90226
DA:137,456089212
DA:138,456089212
DA:143,456220190
DA:168,0
DA:170,0
LF:10
LH:8
end_of_record
SF:/usr/include/c++/8/bits/cpp_type_traits.h
FN:419,_ZSt12__miter_baseIPiET_S1_
FN:419,_ZSt12__miter_baseIN9__gnu_cxx17__normal_iteratorIPKiSt6vectorIiSaIiEEEEET_S8_
FNDA:760736,_ZSt12__miter_baseIPiET_S1_
FNDA:456034906,_ZSt12__miter_baseIN9__gnu_cxx17__normal_iteratorIPKiSt6vectorIiSaIiEEEEET_S8_
FNF:2
FNH:2
DA:419,456795642
DA:420,456795642
DA:421,760736
DA:422,760736
DA:423,456034906
DA:424,456034906
LF:6
LH:6
end_of_record
SF:/usr/include/c++/8/bits/move.h
FN:47,_ZSt11__addressofISt6vectorIiSaIiEEEPT_RS3_
FN:47,_ZSt11__addressofISt5tupleIJiffiEEEPT_RS2_
FN:47,_ZSt11__addressofISt5tupleIJifEEEPT_RS2_
FN:74,_ZSt7forwardIiEOT_RNSt16remove_referenceIS0_E4typeE
FN:74,_ZSt7forwardIRfEOT_RNSt16remove_referenceIS1_E4typeE
FN:74,_ZSt7forwardISt5tupleIJiffiEEEOT_RNSt16remove_referenceIS2_E4typeE
FN:74,_ZSt7forwardIfEOT_RNSt16remove_referenceIS0_E4typeE
FN:74,_ZSt7forwardIRKSt5tupleIJifEEEOT_RNSt16remove_referenceIS4_E4typeE
FN:74,_ZSt7forwardISt5tupleIJifEEEOT_RNSt16remove_referenceIS2_E4typeE
FN:74,_ZSt7forwardIRKSt5tupleIJiffiEEEOT_RNSt16remove_referenceIS4_E4typeE
FN:74,_ZSt7forwardIRKSt6vectorIiSaIiEEEOT_RNSt16remove_referenceIS5_E4typeE
FN:74,_ZSt7forwardIRiEOT_RNSt16remove_referenceIS1_E4typeE
FN:99,_ZSt4moveIRSt5tupleIJifffEEEONSt16remove_referenceIT_E4typeEOS4_
FN:99,_ZSt4moveIRSt11_Tuple_implILm1EJfffEEEONSt16remove_referenceIT_E4typeEOS4_
FN:99,_ZSt4moveIRSt11_Tuple_implILm2EJffEEEONSt16remove_referenceIT_E4typeEOS4_
FN:99,_ZSt4moveIRPiEONSt16remove_referenceIT_E4typeEOS3_
FN:99,_ZSt4moveIRSt11_Tuple_implILm2EJfiEEEONSt16remove_referenceIT_E4typeEOS4_
FN:99,_ZSt4moveIRSt11_Tuple_implILm3EJfEEEONSt16remove_referenceIT_E4typeEOS4_
FN:99,_ZSt4moveIRSt11_Tuple_implILm3EJiEEEONSt16remove_referenceIT_E4typeEOS4_
FN:99,_ZSt4moveIRSt11_Tuple_implILm1EJffiEEEONSt16remove_referenceIT_E4typeEOS4_
FN:99,_ZSt4moveIRSt11_Tuple_implILm1EJfEEEONSt16remove_referenceIT_E4typeEOS4_
FN:182,_ZSt4swapIPiENSt9enable_ifIXsrSt6__and_IJSt6__not_ISt15__is_tuple_likeIT_EESt21is_move_constructibleIS5_ESt18is_move_assignableIS5_EEE5valueEvE4typeERS5_SF_
FNDA:14,_ZSt11__addressofISt5tupleIJiffiEEEPT_RS2_
FNDA:6,_ZSt11__addressofISt5tupleIJifEEEPT_RS2_
FNDA:455903870,_ZSt11__addressofISt6vectorIiSaIiEEEPT_RS3_
FNDA:6,_ZSt7forwardISt5tupleIJiffiEEEOT_RNSt16remove_referenceIS2_E4typeE
FNDA:2,_ZSt7forwardISt5tupleIJifEEEOT_RNSt16remove_referenceIS2_E4typeE
FNDA:227958047,_ZSt7forwardIRKSt6vectorIiSaIiEEEOT_RNSt16remove_referenceIS5_E4typeE
FNDA:30,_ZSt7forwardIRKSt5tupleIJiffiEEEOT_RNSt16remove_referenceIS4_E4typeE
FNDA:16,_ZSt7forwardIRKSt5tupleIJifEEEOT_RNSt16remove_referenceIS4_E4typeE
FNDA:144,_ZSt7forwardIRfEOT_RNSt16remove_referenceIS1_E4typeE
FNDA:1414205,_ZSt7forwardIiEOT_RNSt16remove_referenceIS0_E4typeE
FNDA:40,_ZSt7forwardIRiEOT_RNSt16remove_referenceIS1_E4typeE
FNDA:76,_ZSt7forwardIfEOT_RNSt16remove_referenceIS0_E4typeE
FNDA:6,_ZSt4moveIRSt11_Tuple_implILm1EJffiEEEONSt16remove_referenceIT_E4typeEOS4_
FNDA:6,_ZSt4moveIRSt11_Tuple_implILm2EJfiEEEONSt16remove_referenceIT_E4typeEOS4_
FNDA:6,_ZSt4moveIRSt11_Tuple_implILm3EJiEEEONSt16remove_referenceIT_E4typeEOS4_
FNDA:958761,_ZSt4moveIRPiEONSt16remove_referenceIT_E4typeEOS3_
FNDA:8,_ZSt4moveIRSt11_Tuple_implILm1EJfffEEEONSt16remove_referenceIT_E4typeEOS4_
FNDA:8,_ZSt4moveIRSt5tupleIJifffEEEONSt16remove_referenceIT_E4typeEOS4_
FNDA:8,_ZSt4moveIRSt11_Tuple_implILm2EJffEEEONSt16remove_referenceIT_E4typeEOS4_
FNDA:8,_ZSt4moveIRSt11_Tuple_implILm3EJfEEEONSt16remove_referenceIT_E4typeEOS4_
FNDA:2,_ZSt4moveIRSt11_Tuple_implILm1EJfEEEONSt16remove_referenceIT_E4typeEOS4_
FNDA:319587,_ZSt4swapIPiENSt9enable_ifIXsrSt6__and_IJSt6__not_ISt15__is_tuple_likeIT_EESt21is_move_constructibleIS5_ESt18is_move_assignableIS5_EEE5valueEvE4typeERS5_SF_
FNF:22
FNH:22
DA:47,455903890
DA:48,455903890
DA:49,14
DA:50,14
DA:51,6
DA:52,6
DA:53,455903870
DA:54,455903870
DA:80,229372566
DA:81,229372566
DA:82,6
DA:83,6
DA:84,2
DA:85,2
DA:86,227958047
DA:87,227958047
DA:88,30
DA:89,30
DA:90,16
DA:91,16
DA:92,144
DA:93,144
DA:94,1414205
DA:95,1414205
DA:96,40
DA:97,40
DA:98,76
DA:99,76
DA:123,958813
DA:124,958813
DA:125,6
DA:126,6
DA:127,6
DA:128,6
DA:129,6
DA:130,6
DA:131,958761
DA:132,958761
DA:133,8
DA:134,8
DA:135,8
DA:136,8
DA:137,8
DA:138,8
DA:139,8
DA:140,8
DA:141,2
DA:142,2
DA:224,319587
DA:235,319587
DA:236,319587
DA:237,319587
DA:238,319587
LF:53
LH:53
end_of_record
SF:/usr/include/c++/8/bits/stl_algobase.h
FN:219,_ZSt3maxImERKT_S2_S2_
FN:277,_ZSt12__niter_baseIPiET_S1_
FN:357,_ZNSt11__copy_moveILb0ELb1ESt26random_access_iterator_tagE8__copy_mIiEEPT_PKS3_S6_S4_
FN:375,_ZSt13__copy_move_aILb0EPKiPiET1_T0_S4_S3_
FN:375,_ZSt13__copy_move_aILb0EPiS0_ET1_T0_S2_S1_
FN:420,_ZSt14__copy_move_a2ILb0EN9__gnu_cxx17__normal_iteratorIPKiSt6vectorIiSaIiEEEEPiET1_T0_SA_S9_
FN:420,_ZSt14__copy_move_a2ILb0EN9__gnu_cxx17__normal_iteratorIPKiSt6vectorIiSaIiEEEENS1_IPiS6_EEET1_T0_SB_SA_
FN:420,_ZSt14__copy_move_a2ILb0EPiS0_ET1_T0_S2_S1_
FNDA:190877,_ZSt3maxImERKT_S2_S2_
FNDA:229158874,_ZSt12__niter_baseIPiET_S1_
FNDA:228017819,_ZNSt11__copy_moveILb0ELb1ESt26random_access_iterator_tagE8__copy_mIiEEPT_PKS3_S6_S4_
FNDA:0,_ZSt13__copy_move_aILb0EPiS0_ET1_T0_S2_S1_
FNDA:228017819,_ZSt13__copy_move_aILb0EPKiPiET1_T0_S4_S3_
FNDA:228017404,_ZSt14__copy_move_a2ILb0EN9__gnu_cxx17__normal_iteratorIPKiSt6vectorIiSaIiEEEEPiET1_T0_SA_S9_
FNDA:0,_ZSt14__copy_move_a2ILb0EPiS0_ET1_T0_S2_S1_
FNDA:49,_ZSt14__copy_move_a2ILb0EN9__gnu_cxx17__normal_iteratorIPKiSt6vectorIiSaIiEEEENS1_IPiS6_EEET1_T0_SB_SA_
FNF:8
FNH:6
DA:219,190877
DA:224,190877
DA:225,40382
DA:226,150495
DA:277,229158874
DA:278,229158874
DA:357,228017819
DA:366,228017819
DA:367,228017819
DA:368,228017819
DA:369,228017819
DA:375,228017819
DA:380,228017819
DA:386,228017819
DA:388,0
DA:393,0
DA:399,0
DA:401,228017819
DA:406,228017819
DA:412,228017819
DA:446,228017453
DA:448,228017453
DA:450,228017453
DA:452,228017404
DA:454,228017404
DA:456,228017404
DA:458,0
DA:460,0
DA:462,0
DA:464,49
DA:466,49
DA:468,49
DA:490,228017453
DA:499,228017453
DA:500,228017453
LF:35
LH:29
end_of_record
SF:/usr/include/c++/8/bits/stl_construct.h
FN:74,_ZSt10_ConstructISt5tupleIJiffiEEJS1_EEvPT_DpOT0_
FN:74,_ZSt10_ConstructISt6vectorIiSaIiEEJRKS2_EEvPT_DpOT0_
FN:74,_ZSt10_ConstructISt5tupleIJifEEJS1_EEvPT_DpOT0_
FN:97,_ZSt8_DestroyISt6vectorIiSaIiEEEvPT_
FN:105,_ZNSt12_Destroy_auxILb0EE9__destroyIPSt6vectorIiSaIiEEEEvT_S6_
FN:117,_ZNSt12_Destroy_auxILb1EE9__destroyIPSt5tupleIJiffiEEEEvT_S5_
FN:117,_ZNSt12_Destroy_auxILb1EE9__destroyIPiEEvT_S3_
FN:117,_ZNSt12_Destroy_auxILb1EE9__destroyIPSt5tupleIJifEEEEvT_S5_
FN:117,_ZNSt12_Destroy_auxILb1EE9__destroyIN9__gnu_cxx17__normal_iteratorIPiSt6vectorIiSaIiEEEEEEvT_S9_
FN:127,_ZSt8_DestroyIN9__gnu_cxx17__normal_iteratorIPiSt6vectorIiSaIiEEEEEvT_S7_
FN:127,_ZSt8_DestroyIPiEvT_S1_
FN:127,_ZSt8_DestroyIPSt6vectorIiSaIiEEEvT_S4_
FN:127,_ZSt8_DestroyIPSt5tupleIJifEEEvT_S3_
FN:127,_ZSt8_DestroyIPSt5tupleIJiffiEEEvT_S3_
FN:203,_ZSt8_DestroyIPSt6vectorIiSaIiEES2_EvT_S4_RSaIT0_E
FN:203,_ZSt8_DestroyIPSt5tupleIJiffiEES1_EvT_S3_RSaIT0_E
FN:203,_ZSt8_DestroyIPiiEvT_S1_RSaIT0_E
FN:203,_ZSt8_DestroyIPSt5tupleIJifEES1_EvT_S3_RSaIT0_E
FN:203,_ZSt8_DestroyIN9__gnu_cxx17__normal_iteratorIPiSt6vectorIiSaIiEEEEiEvT_S7_RSaIT0_E
FNDA:6,_ZSt10_ConstructISt5tupleIJiffiEEJS1_EEvPT_DpOT0_
FNDA:2,_ZSt10_ConstructISt5tupleIJifEEJS1_EEvPT_DpOT0_
FNDA:227877724,_ZSt10_ConstructISt6vectorIiSaIiEEJRKS2_EEvPT_DpOT0_
FNDA:227971960,_ZSt8_DestroyISt6vectorIiSaIiEEEvPT_
FNDA:45412,_ZNSt12_Destroy_auxILb0EE9__destroyIPSt6vectorIiSaIiEEEEvT_S6_
FNDA:10,_ZNSt12_Destroy_auxILb1EE9__destroyIPSt5tupleIJiffiEEEEvT_S5_
FNDA:12,_ZNSt12_Destroy_auxILb1EE9__destroyIPSt5tupleIJifEEEEvT_S5_
FNDA:49,_ZNSt12_Destroy_auxILb1EE9__destroyIN9__gnu_cxx17__normal_iteratorIPiSt6vectorIiSaIiEEEEEEvT_S9_
FNDA:228302400,_ZNSt12_Destroy_auxILb1EE9__destroyIPiEEvT_S3_
FNDA:10,_ZSt8_DestroyIPSt5tupleIJiffiEEEvT_S3_
FNDA:12,_ZSt8_DestroyIPSt5tupleIJifEEEvT_S3_
FNDA:49,_ZSt8_DestroyIN9__gnu_cxx17__normal_iteratorIPiSt6vectorIiSaIiEEEEEvT_S7_
FNDA:45412,_ZSt8_DestroyIPSt6vectorIiSaIiEEEvT_S4_
FNDA:228302400,_ZSt8_DestroyIPiEvT_S1_
FNDA:10,_ZSt8_DestroyIPSt5tupleIJiffiEES1_EvT_S3_RSaIT0_E
FNDA:12,_ZSt8_DestroyIPSt5tupleIJifEES1_EvT_S3_RSaIT0_E
FNDA:49,_ZSt8_DestroyIN9__gnu_cxx17__normal_iteratorIPiSt6vectorIiSaIiEEEEiEvT_S7_RSaIT0_E
FNDA:45412,_ZSt8_DestroyIPSt6vectorIiSaIiEES2_EvT_S4_RSaIT0_E
FNDA:228302400,_ZSt8_DestroyIPiiEvT_S1_RSaIT0_E
FNF:19
FNH:19
DA:74,227877732
DA:75,227877732
DA:76,6
DA:77,6
DA:78,2
DA:79,2
DA:80,227877724
DA:81,227877724
DA:103,227971960
DA:104,227971960
DA:111,228017372
DA:113,228017372
DA:114,227971960
DA:115,45412
DA:123,228302471
DA:133,228347883
DA:143,228347883
DA:144,228347883
DA:145,10
DA:155,10
DA:156,10
DA:157,12
DA:167,12
DA:168,12
DA:169,49
DA:179,49
DA:180,49
DA:181,45412
DA:191,45412
DA:192,45412
DA:193,228302400
DA:203,228302400
DA:204,228302400
DA:269,228347883
DA:272,228347883
DA:273,228347883
DA:274,10
DA:277,10
DA:278,10
DA:279,12
DA:282,12
DA:283,12
DA:284,49
DA:287,49
DA:288,49
DA:289,45412
DA:292,45412
DA:293,45412
DA:294,228302400
DA:297,228302400
DA:298,228302400
LF:51
LH:51
end_of_record
SF:/usr/include/c++/8/bits/stl_iterator.h
FN:783,_ZN9__gnu_cxx17__normal_iteratorIPSt5tupleIJifEESt6vectorIS2_SaIS2_EEEC2ERKS3_
FN:783,_ZN9__gnu_cxx17__normal_iteratorIPKiSt6vectorIiSaIiEEEC2ERKS2_
FN:783,_ZN9__gnu_cxx17__normal_iteratorIPiSt6vectorIiSaIiEEEC2ERKS1_
FN:783,_ZN9__gnu_cxx17__normal_iteratorIPKSt6vectorIiSaIiEES1_IS3_SaIS3_EEEC2ERKS5_
FN:783,_ZN9__gnu_cxx17__normal_iteratorIPSt5tupleIJiffiEESt6vectorIS2_SaIS2_EEEC2ERKS3_
FN:796,_ZNK9__gnu_cxx17__normal_iteratorIPKSt6vectorIiSaIiEES1_IS3_SaIS3_EEEdeEv
FN:804,_ZN9__gnu_cxx17__normal_iteratorIPKSt6vectorIiSaIiEES1_IS3_SaIS3_EEEppEv
FN:848,_ZNK9__gnu_cxx17__normal_iteratorIPiSt6vectorIiSaIiEEE4baseEv
FN:848,_ZNK9__gnu_cxx17__normal_iteratorIPSt5tupleIJiffiEESt6vectorIS2_SaIS2_EEE4baseEv
FN:848,_ZNK9__gnu_cxx17__normal_iteratorIPSt5tupleIJifEESt6vectorIS2_SaIS2_EEE4baseEv
FN:848,_ZNK9__gnu_cxx17__normal_iteratorIPKiSt6vectorIiSaIiEEE4baseEv
FN:848,_ZNK9__gnu_cxx17__normal_iteratorIPKSt6vectorIiSaIiEES1_IS3_SaIS3_EEE4baseEv
FN:884,_ZN9__gnu_cxxneIPKSt6vectorIiSaIiEES1_IS3_SaIS3_EEEEbRKNS_17__normal_iteratorIT_T0_EESD_
FN:966,_ZN9__gnu_cxxmiIPSt5tupleIJifEESt6vectorIS2_SaIS2_EEEENS_17__normal_iteratorIT_T0_E15difference_typeERKSA_SD_
FN:966,_ZN9__gnu_cxxmiIPSt5tupleIJiffiEESt6vectorIS2_SaIS2_EEEENS_17__normal_iteratorIT_T0_E15difference_typeERKSA_SD_
FN:987,_ZSt12__niter_baseIPKiSt6vectorIiSaIiEEET_N9__gnu_cxx17__normal_iteratorIS5_T0_EE
FN:987,_ZSt12__niter_baseIPiSt6vectorIiSaIiEEET_N9__gnu_cxx17__normal_iteratorIS4_T0_EE
FN:1033,_ZNSt13move_iteratorIPSt5tupleIJiffiEEEC2ES2_
FN:1033,_ZNSt13move_iteratorIPSt5tupleIJifEEEC2ES2_
FN:1042,_ZNKSt13move_iteratorIPSt5tupleIJifEEE4baseEv
FN:1042,_ZNKSt13move_iteratorIPSt5tupleIJiffiEEE4baseEv
FN:1046,_ZNKSt13move_iteratorIPSt5tupleIJiffiEEEdeEv
FN:1046,_ZNKSt13move_iteratorIPSt5tupleIJifEEEdeEv
FN:1054,_ZNSt13move_iteratorIPSt5tupleIJifEEEppEv
FN:1054,_ZNSt13move_iteratorIPSt5tupleIJiffiEEEppEv
FN:1121,_ZSteqIPSt5tupleIJiffiEEEbRKSt13move_iteratorIT_ES7_
FN:1121,_ZSteqIPSt5tupleIJifEEEbRKSt13move_iteratorIT_ES7_
FN:1133,_ZStneIPSt5tupleIJifEEEbRKSt13move_iteratorIT_ES7_
FN:1133,_ZStneIPSt5tupleIJiffiEEEbRKSt13move_iteratorIT_ES7_
FN:1218,_ZSt32__make_move_if_noexcept_iteratorISt5tupleIJiffiEESt13move_iteratorIPS1_EET0_PT_
FN:1218,_ZSt32__make_move_if_noexcept_iteratorISt5tupleIJifEESt13move_iteratorIPS1_EET0_PT_
FNDA:12,_ZN9__gnu_cxx17__normal_iteratorIPSt5tupleIJiffiEESt6vectorIS2_SaIS2_EEEC2ERKS3_
FNDA:8,_ZN9__gnu_cxx17__normal_iteratorIPSt5tupleIJifEESt6vectorIS2_SaIS2_EEEC2ERKS3_
FNDA:380515,_ZN9__gnu_cxx17__normal_iteratorIPiSt6vectorIiSaIiEEEC2ERKS1_
FNDA:90124,_ZN9__gnu_cxx17__normal_iteratorIPKSt6vectorIiSaIiEES1_IS3_SaIS3_EEEC2ERKS5_
FNDA:456034966,_ZN9__gnu_cxx17__normal_iteratorIPKiSt6vectorIiSaIiEEEC2ERKS2_
FNDA:227877358,_ZNK9__gnu_cxx17__normal_iteratorIPKSt6vectorIiSaIiEES1_IS3_SaIS3_EEEdeEv
FNDA:227877358,_ZN9__gnu_cxx17__normal_iteratorIPKSt6vectorIiSaIiEES1_IS3_SaIS3_EEEppEv
FNDA:455844840,_ZNK9__gnu_cxx17__normal_iteratorIPKSt6vectorIiSaIiEES1_IS3_SaIS3_EEE4baseEv
FNDA:760785,_ZNK9__gnu_cxx17__normal_iteratorIPiSt6vectorIiSaIiEEE4baseEv
FNDA:456034966,_ZNK9__gnu_cxx17__normal_iteratorIPKiSt6vectorIiSaIiEEE4baseEv
FNDA:24,_ZNK9__gnu_cxx17__normal_iteratorIPSt5tupleIJiffiEESt6vectorIS2_SaIS2_EEE4baseEv
FNDA:16,_ZNK9__gnu_cxx17__normal_iteratorIPSt5tupleIJifEESt6vectorIS2_SaIS2_EEE4baseEv
FNDA:227922417,_ZN9__gnu_cxxneIPKSt6vectorIiSaIiEES1_IS3_SaIS3_EEEEbRKNS_17__normal_iteratorIT_T0_EESD_
FNDA:6,_ZN9__gnu_cxxmiIPSt5tupleIJiffiEESt6vectorIS2_SaIS2_EEEENS_17__normal_iteratorIT_T0_E15difference_typeERKSA_SD_
FNDA:4,_ZN9__gnu_cxxmiIPSt5tupleIJifEESt6vectorIS2_SaIS2_EEEENS_17__normal_iteratorIT_T0_E15difference_typeERKSA_SD_
FNDA:49,_ZSt12__niter_baseIPiSt6vectorIiSaIiEEET_N9__gnu_cxx17__normal_iteratorIS4_T0_EE
FNDA:456034966,_ZSt12__niter_baseIPKiSt6vectorIiSaIiEEET_N9__gnu_cxx17__normal_iteratorIS5_T0_EE
FNDA:24,_ZNSt13move_iteratorIPSt5tupleIJiffiEEEC2ES2_
FNDA:16,_ZNSt13move_iteratorIPSt5tupleIJifEEEC2ES2_
FNDA:36,_ZNKSt13move_iteratorIPSt5tupleIJiffiEEE4baseEv
FNDA:20,_ZNKSt13move_iteratorIPSt5tupleIJifEEE4baseEv
FNDA:6,_ZNKSt13move_iteratorIPSt5tupleIJiffiEEEdeEv
FNDA:2,_ZNKSt13move_iteratorIPSt5tupleIJifEEEdeEv
FNDA:6,_ZNSt13move_iteratorIPSt5tupleIJiffiEEEppEv
FNDA:2,_ZNSt13move_iteratorIPSt5tupleIJifEEEppEv
FNDA:18,_ZSteqIPSt5tupleIJiffiEEEbRKSt13move_iteratorIT_ES7_
FNDA:10,_ZSteqIPSt5tupleIJifEEEbRKSt13move_iteratorIT_ES7_
FNDA:18,_ZStneIPSt5tupleIJiffiEEEbRKSt13move_iteratorIT_ES7_
FNDA:10,_ZStneIPSt5tupleIJifEEEbRKSt13move_iteratorIT_ES7_
FNDA:24,_ZSt32__make_move_if_noexcept_iteratorISt5tupleIJiffiEESt13move_iteratorIPS1_EET0_PT_
FNDA:16,_ZSt32__make_move_if_noexcept_iteratorISt5tupleIJifEESt13move_iteratorIPS1_EET0_PT_
FNF:31
FNH:31
DA:783,456505625
DA:784,456505625
DA:785,12
DA:786,12
DA:787,8
DA:788,8
DA:789,380515
DA:790,380515
DA:791,90124
DA:792,90124
DA:793,456034966
DA:794,456034966
DA:806,227877358
DA:807,227877358
DA:814,227877358
DA:816,227877358
DA:817,227877358
DA:858,912640631
DA:859,912640631
DA:860,455844840
DA:861,455844840
DA:862,760785
DA:863,760785
DA:864,456034966
DA:865,456034966
DA:866,24
DA:867,24
DA:868,16
DA:869,16
DA:904,227922417
DA:907,227922417
DA:986,10
DA:989,10
DA:990,6
DA:993,6
DA:994,4
DA:997,4
DA:1015,456035015
DA:1016,456035015
DA:1017,49
DA:1018,49
DA:1019,456034966
DA:1020,456034966
DA:1065,40
DA:1066,40
DA:1067,24
DA:1068,24
DA:1069,16
DA:1070,16
DA:1078,56
DA:1079,56
DA:1080,36
DA:1081,36
DA:1082,20
DA:1083,20
DA:1086,8
DA:1087,8
DA:1088,6
DA:1089,6
DA:1090,2
DA:1091,2
DA:1098,8
DA:1100,8
DA:1101,8
DA:1103,6
DA:1105,6
DA:1106,6
DA:1108,2
DA:1110,2
DA:1111,2
DA:1175,28
DA:1177,28
DA:1178,18
DA:1180,18
DA:1181,10
DA:1183,10
DA:1193,28
DA:1195,28
DA:1196,18
DA:1198,18
DA:1199,10
DA:1201,10
DA:1284,40
DA:1285,40
DA:1286,24
DA:1287,24
DA:1288,16
DA:1289,16
LF:88
LH:88
end_of_record
SF:/usr/include/c++/8/bits/stl_pair.h
FN:330,_ZNSt4pairIifEC2IRifLb1EEEOT_OT0_
FN:519,_ZSt9make_pairIRifESt4pairINSt17__decay_and_stripIT_E6__typeENS2_IT0_E6__typeEEOS3_OS6_
FNDA:4,_ZNSt4pairIifEC2IRifLb1EEEOT_OT0_
FNDA:4,_ZSt9make_pairIRifESt4pairINSt17__decay_and_stripIT_E6__typeENS2_IT0_E6__typeEEOS3_OS6_
FNF:2
FNH:2
DA:330,4
DA:331,4
DA:519,4
DA:524,4
LF:4
LH:4
end_of_record
SF:/usr/include/c++/8/bits/stl_uninitialized.h
FN:76,_ZNSt20__uninitialized_copyILb0EE13__uninit_copyISt13move_iteratorIPSt5tupleIJifEEES5_EET0_T_S8_S7_
FN:76,_ZNSt20__uninitialized_copyILb0EE13__uninit_copyISt13move_iteratorIPSt5tupleIJiffiEEES5_EET0_T_S8_S7_
FN:76,_ZNSt20__uninitialized_copyILb0EE13__uninit_copyIN9__gnu_cxx17__normal_iteratorIPKSt6vectorIiSaIiEES4_IS6_SaIS6_EEEEPS6_EET0_T_SE_SD_
FN:99,_ZNSt20__uninitialized_copyILb1EE13__uninit_copyIN9__gnu_cxx17__normal_iteratorIPKiSt6vectorIiSaIiEEEEPiEET0_T_SC_SB_
FN:99,_ZNSt20__uninitialized_copyILb1EE13__uninit_copyIPiS2_EET0_T_S4_S3_
FN:115,_ZSt18uninitialized_copyIPiS0_ET0_T_S2_S1_
FN:115,_ZSt18uninitialized_copyIN9__gnu_cxx17__normal_iteratorIPKiSt6vectorIiSaIiEEEEPiET0_T_SA_S9_
FN:115,_ZSt18uninitialized_copyISt13move_iteratorIPSt5tupleIJifEEES3_ET0_T_S6_S5_
FN:115,_ZSt18uninitialized_copyIN9__gnu_cxx17__normal_iteratorIPKSt6vectorIiSaIiEES2_IS4_SaIS4_EEEEPS4_ET0_T_SC_SB_
FN:115,_ZSt18uninitialized_copyISt13move_iteratorIPSt5tupleIJiffiEEES3_ET0_T_S6_S5_
FN:287,_ZSt22__uninitialized_copy_aIPiS0_iET0_T_S2_S1_RSaIT1_E
FN:287,_ZSt22__uninitialized_copy_aIN9__gnu_cxx17__normal_iteratorIPKiSt6vectorIiSaIiEEEEPiiET0_T_SA_S9_RSaIT1_E
FN:287,_ZSt22__uninitialized_copy_aISt13move_iteratorIPSt5tupleIJiffiEEES3_S2_ET0_T_S6_S5_RSaIT1_E
FN:287,_ZSt22__uninitialized_copy_aIN9__gnu_cxx17__normal_iteratorIPKSt6vectorIiSaIiEES2_IS4_SaIS4_EEEEPS4_S4_ET0_T_SC_SB_RSaIT1_E
FN:287,_ZSt22__uninitialized_copy_aISt13move_iteratorIPSt5tupleIJifEEES3_S2_ET0_T_S6_S5_RSaIT1_E
FNDA:12,_ZNSt20__uninitialized_copyILb0EE13__uninit_copyISt13move_iteratorIPSt5tupleIJiffiEEES5_EET0_T_S8_S7_
FNDA:8,_ZNSt20__uninitialized_copyILb0EE13__uninit_copyISt13move_iteratorIPSt5tupleIJifEEES5_EET0_T_S8_S7_
FNDA:45059,_ZNSt20__uninitialized_copyILb0EE13__uninit_copyIN9__gnu_cxx17__normal_iteratorIPKSt6vectorIiSaIiEES4_IS6_SaIS6_EEEEPS6_EET0_T_SE_SD_
FNDA:0,_ZNSt20__uninitialized_copyILb1EE13__uninit_copyIPiS2_EET0_T_S4_S3_
FNDA:228017404,_ZNSt20__uninitialized_copyILb1EE13__uninit_copyIN9__gnu_cxx17__normal_iteratorIPKiSt6vectorIiSaIiEEEEPiEET0_T_SC_SB_
FNDA:12,_ZSt18uninitialized_copyISt13move_iteratorIPSt5tupleIJiffiEEES3_ET0_T_S6_S5_
FNDA:8,_ZSt18uninitialized_copyISt13move_iteratorIPSt5tupleIJifEEES3_ET0_T_S6_S5_
FNDA:0,_ZSt18uninitialized_copyIPiS0_ET0_T_S2_S1_
FNDA:45059,_ZSt18uninitialized_copyIN9__gnu_cxx17__normal_iteratorIPKSt6vectorIiSaIiEES2_IS4_SaIS4_EEEEPS4_ET0_T_SC_SB_
FNDA:228017404,_ZSt18uninitialized_copyIN9__gnu_cxx17__normal_iteratorIPKiSt6vectorIiSaIiEEEEPiET0_T_SA_S9_
FNDA:12,_ZSt22__uninitialized_copy_aISt13move_iteratorIPSt5tupleIJiffiEEES3_S2_ET0_T_S6_S5_RSaIT1_E
FNDA:8,_ZSt22__uninitialized_copy_aISt13move_iteratorIPSt5tupleIJifEEES3_S2_ET0_T_S6_S5_RSaIT1_E
FNDA:0,_ZSt22__uninitialized_copy_aIPiS0_iET0_T_S2_S1_RSaIT1_E
FNDA:45059,_ZSt22__uninitialized_copy_aIN9__gnu_cxx17__normal_iteratorIPKSt6vectorIiSaIiEES2_IS4_SaIS4_EEEEPS4_S4_ET0_T_SC_SB_RSaIT1_E
FNDA:228017404,_ZSt22__uninitialized_copy_aIN9__gnu_cxx17__normal_iteratorIPKiSt6vectorIiSaIiEEEEPiiET0_T_SA_S9_RSaIT1_E
FNF:15
FNH:12
DA:76,45079
DA:79,45079
DA:82,227922445
DA:83,227877366
DA:84,45079
DA:86,0
DA:88,0
DA:89,0
DA:92,12
DA:95,12
DA:98,18
DA:99,6
DA:100,12
DA:102,0
DA:104,0
DA:105,0
DA:108,8
DA:111,8
DA:114,10
DA:115,2
DA:116,8
DA:118,0
DA:120,0
DA:121,0
DA:124,45059
DA:127,45059
DA:130,227922417
DA:131,227877358
DA:132,45059
DA:134,0
DA:136,0
DA:137,0
DA:147,228017404
DA:149,228017404
DA:150,0
DA:152,0
DA:153,228017404
DA:155,228017404
DA:169,228062483
DA:182,228062483
DA:188,228062483
DA:190,12
DA:203,12
DA:209,12
DA:211,8
DA:224,8
DA:230,8
DA:232,0
DA:245,0
DA:251,0
DA:253,45059
DA:266,45059
DA:272,45059
DA:274,228017404
DA:287,228017404
DA:293,228017404
DA:446,228062483
DA:448,228062483
DA:449,12
DA:451,12
DA:452,8
DA:454,8
DA:455,0
DA:457,0
DA:458,45059
DA:460,45059
DA:461,228017404
DA:463,228017404
DA:479,20
DA:485,20
DA:486,20
LF:71
LH:52
end_of_record
SF:/usr/include/c++/8/bits/stl_vector.h
FN:95,_ZNSt12_Vector_baseIiSaIiEE12_Vector_implC2Ev
FN:95,_ZNSt12_Vector_baseISt5tupleIJiffiEESaIS1_EE12_Vector_implC2Ev
FN:95,_ZNSt12_Vector_baseISt5tupleIJifEESaIS1_EE12_Vector_implC2Ev
FN:99,_ZNSt12_Vector_baseISt6vectorIiSaIiEESaIS2_EE12_Vector_implC2ERKS3_
FN:99,_ZNSt12_Vector_baseIiSaIiEE12_Vector_implC2ERKS0_
FN:110,_ZNSt12_Vector_baseIiSaIiEE12_Vector_impl12_M_swap_dataERS2_
FN:237,_ZNSt12_Vector_baseISt6vectorIiSaIiEESaIS2_EE19_M_get_Tp_allocatorEv
FN:237,_ZNSt12_Vector_baseIiSaIiEE19_M_get_Tp_allocatorEv
FN:237,_ZNSt12_Vector_baseISt5tupleIJiffiEESaIS1_EE19_M_get_Tp_allocatorEv
FN:237,_ZNSt12_Vector_baseISt5tupleIJifEESaIS1_EE19_M_get_Tp_allocatorEv
FN:241,_ZNKSt12_Vector_baseIiSaIiEE19_M_get_Tp_allocatorEv
FN:241,_ZNKSt12_Vector_baseISt5tupleIJiffiEESaIS1_EE19_M_get_Tp_allocatorEv
FN:241,_ZNKSt12_Vector_baseISt5tupleIJifEESaIS1_EE19_M_get_Tp_allocatorEv
FN:241,_ZNKSt12_Vector_baseISt6vectorIiSaIiEESaIS2_EE19_M_get_Tp_allocatorEv
FN:248,_ZNSt12_Vector_baseIiSaIiEEC2Ev
FN:248,_ZNSt12_Vector_baseISt5tupleIJifEESaIS1_EEC2Ev
FN:248,_ZNSt12_Vector_baseISt5tupleIJiffiEESaIS1_EEC2Ev
FN:258,_ZNSt12_Vector_baseISt6vectorIiSaIiEESaIS2_EEC2EmRKS3_
FN:258,_ZNSt12_Vector_baseIiSaIiEEC2EmRKS0_
FN:283,_ZNSt12_Vector_baseIiSaIiEED2Ev
FN:283,_ZNSt12_Vector_baseISt6vectorIiSaIiEESaIS2_EED2Ev
FN:283,_ZNSt12_Vector_baseISt5tupleIJifEESaIS1_EED2Ev
FN:283,_ZNSt12_Vector_baseISt5tupleIJiffiEESaIS1_EED2Ev
FN:293,_ZNSt12_Vector_baseISt6vectorIiSaIiEESaIS2_EE11_M_allocateEm
FN:293,_ZNSt12_Vector_baseIiSaIiEE11_M_allocateEm
FN:293,_ZNSt12_Vector_baseISt5tupleIJiffiEESaIS1_EE11_M_allocateEm
FN:293,_ZNSt12_Vector_baseISt5tupleIJifEESaIS1_EE11_M_allocateEm
FN:300,_ZNSt12_Vector_baseISt6vectorIiSaIiEESaIS2_EE13_M_deallocateEPS2_m
FN:300,_ZNSt12_Vector_baseISt5tupleIJiffiEESaIS1_EE13_M_deallocateEPS1_m
FN:300,_ZNSt12_Vector_baseISt5tupleIJifEESaIS1_EE13_M_deallocateEPS1_m
FN:300,_ZNSt12_Vector_baseIiSaIiEE13_M_deallocateEPim
FN:309,_ZNSt12_Vector_baseISt6vectorIiSaIiEESaIS2_EE17_M_create_storageEm
FN:309,_ZNSt12_Vector_baseIiSaIiEE17_M_create_storageEm
FN:391,_ZNSt6vectorIiSaIiEEC2Ev
FN:391,_ZNSt6vectorISt5tupleIJiffiEESaIS1_EEC2Ev
FN:391,_ZNSt6vectorISt5tupleIJifEESaIS1_EEC2Ev
FN:458,_ZNSt6vectorIS_IiSaIiEESaIS1_EEC2ERKS3_
FN:458,_ZNSt6vectorIiSaIiEEC2ERKS1_
FN:565,_ZNSt6vectorISt5tupleIJiffiEESaIS1_EED2Ev
FN:565,_ZNSt6vectorISt5tupleIJifEESaIS1_EED2Ev
FN:565,_ZNSt6vectorIiSaIiEED2Ev
FN:565,_ZNSt6vectorIS_IiSaIiEESaIS1_EED2Ev
FN:698,_ZNSt6vectorIiSaIiEE5beginEv
FN:698,_ZNSt6vectorISt5tupleIJifEESaIS1_EE5beginEv
FN:698,_ZNSt6vectorISt5tupleIJiffiEESaIS1_EE5beginEv
FN:707,_ZNKSt6vectorIS_IiSaIiEESaIS1_EE5beginEv
FN:707,_ZNKSt6vectorIiSaIiEE5beginEv
FN:716,_ZNSt6vectorIiSaIiEE3endEv
FN:716,_ZNSt6vectorISt5tupleIJiffiEESaIS1_EE3endEv
FN:716,_ZNSt6vectorISt5tupleIJifEESaIS1_EE3endEv
FN:725,_ZNKSt6vectorIS_IiSaIiEESaIS1_EE3endEv
FN:725,_ZNKSt6vectorIiSaIiEE3endEv
FN:805,_ZNKSt6vectorIS_IiSaIiEESaIS1_EE4sizeEv
FN:805,_ZNKSt6vectorIiSaIiEE4sizeEv
FN:805,_ZNKSt6vectorISt5tupleIJifEESaIS1_EE4sizeEv
FN:805,_ZNKSt6vectorISt5tupleIJiffiEESaIS1_EE4sizeEv
FN:810,_ZNKSt6vectorISt5tupleIJifEESaIS1_EE8max_sizeEv
FN:810,_ZNKSt6vectorISt5tupleIJiffiEESaIS1_EE8max_sizeEv
FN:885,_ZNKSt6vectorIiSaIiEE8capacityEv
FN:930,_ZNSt6vectorIiSaIiEEixEm
FN:930,_ZNSt6vectorIS_IiSaIiEESaIS1_EEixEm
FN:1074,_ZNSt6vectorISt5tupleIJiffiEESaIS1_EE9push_backERKS1_
FN:1074,_ZNSt6vectorISt5tupleIJifEESaIS1_EE9push_backERKS1_
FN:1367,_ZNSt6vectorIiSaIiEE4swapERS1_
FN:1385,_ZNSt6vectorIiSaIiEE5clearEv
FN:1395,_ZNSt6vectorIiSaIiEE20_M_allocate_and_copyIN9__gnu_cxx17__normal_iteratorIPKiS1_EEEEPimT_S9_
FN:1640,_ZNKSt6vectorISt5tupleIJifEESaIS1_EE12_M_check_lenEmPKc
FN:1640,_ZNKSt6vectorISt5tupleIJiffiEESaIS1_EE12_M_check_lenEmPKc
FN:1654,_ZNSt6vectorIiSaIiEE15_M_erase_at_endEPi
FN:1801,_ZSt4swapIiSaIiEEvRSt6vectorIT_T0_ES5_
FNDA:2,_ZNSt12_Vector_baseISt5tupleIJiffiEESaIS1_EE12_Vector_implC2Ev
FNDA:4,_ZNSt12_Vector_baseISt5tupleIJifEESaIS1_EE12_Vector_implC2Ev
FNDA:40260,_ZNSt12_Vector_baseIiSaIiEE12_Vector_implC2Ev
FNDA:45145,_ZNSt12_Vector_baseISt6vectorIiSaIiEESaIS2_EE12_Vector_implC2ERKS3_
FNDA:228017696,_ZNSt12_Vector_baseIiSaIiEE12_Vector_implC2ERKS0_
FNDA:106529,_ZNSt12_Vector_baseIiSaIiEE12_Vector_impl12_M_swap_dataERS2_
FNDA:24,_ZNSt12_Vector_baseISt5tupleIJiffiEESaIS1_EE19_M_get_Tp_allocatorEv
FNDA:26,_ZNSt12_Vector_baseISt5tupleIJifEESaIS1_EE19_M_get_Tp_allocatorEv
FNDA:91025,_ZNSt12_Vector_baseISt6vectorIiSaIiEESaIS2_EE19_M_get_Tp_allocatorEv
FNDA:456859459,_ZNSt12_Vector_baseIiSaIiEE19_M_get_Tp_allocatorEv
FNDA:12,_ZNKSt12_Vector_baseISt5tupleIJiffiEESaIS1_EE19_M_get_Tp_allocatorEv
FNDA:10,_ZNKSt12_Vector_baseISt5tupleIJifEESaIS1_EE19_M_get_Tp_allocatorEv
FNDA:45527,_ZNKSt12_Vector_baseISt6vectorIiSaIiEESaIS2_EE19_M_get_Tp_allocatorEv
FNDA:228397698,_ZNKSt12_Vector_baseIiSaIiEE19_M_get_Tp_allocatorEv
FNDA:2,_ZNSt12_Vector_baseISt5tupleIJiffiEESaIS1_EEC2Ev
FNDA:4,_ZNSt12_Vector_baseISt5tupleIJifEESaIS1_EEC2Ev
FNDA:40260,_ZNSt12_Vector_baseIiSaIiEEC2Ev
FNDA:45059,_ZNSt12_Vector_baseISt6vectorIiSaIiEESaIS2_EEC2EmRKS3_
FNDA:228017330,_ZNSt12_Vector_baseIiSaIiEEC2EmRKS0_
FNDA:4,_ZNSt12_Vector_baseISt5tupleIJiffiEESaIS1_EED2Ev
FNDA:8,_ZNSt12_Vector_baseISt5tupleIJifEESaIS1_EED2Ev
FNDA:45189,_ZNSt12_Vector_baseISt6vectorIiSaIiEESaIS2_EED2Ev
FNDA:228112142,_ZNSt12_Vector_baseIiSaIiEED2Ev
FNDA:45346,_ZNSt12_Vector_baseISt6vectorIiSaIiEESaIS2_EE11_M_allocateEm
FNDA:8,_ZNSt12_Vector_baseISt5tupleIJiffiEESaIS1_EE11_M_allocateEm
FNDA:6,_ZNSt12_Vector_baseISt5tupleIJifEESaIS1_EE11_M_allocateEm
FNDA:228207954,_ZNSt12_Vector_baseIiSaIiEE11_M_allocateEm
FNDA:10,_ZNSt12_Vector_baseISt5tupleIJiffiEESaIS1_EE13_M_deallocateEPS1_m
FNDA:12,_ZNSt12_Vector_baseISt5tupleIJifEESaIS1_EE13_M_deallocateEPS1_m
FNDA:45412,_ZNSt12_Vector_baseISt6vectorIiSaIiEESaIS2_EE13_M_deallocateEPS2_m
FNDA:228302400,_ZNSt12_Vector_baseIiSaIiEE13_M_deallocateEPim
FNDA:45059,_ZNSt12_Vector_baseISt6vectorIiSaIiEESaIS2_EE17_M_create_storageEm
FNDA:228017330,_ZNSt12_Vector_baseIiSaIiEE17_M_create_storageEm
FNDA:2,_ZNSt6vectorISt5tupleIJiffiEESaIS1_EEC2Ev
FNDA:4,_ZNSt6vectorISt5tupleIJifEESaIS1_EEC2Ev
FNDA:40260,_ZNSt6vectorIiSaIiEEC2Ev
FNDA:45059,_ZNSt6vectorIS_IiSaIiEESaIS1_EEC2ERKS3_
FNDA:228017330,_ZNSt6vectorIiSaIiEEC2ERKS1_
FNDA:4,_ZNSt6vectorISt5tupleIJiffiEESaIS1_EED2Ev
FNDA:8,_ZNSt6vectorISt5tupleIJifEESaIS1_EED2Ev
FNDA:45189,_ZNSt6vectorIS_IiSaIiEESaIS1_EED2Ev
FNDA:228112142,_ZNSt6vectorIiSaIiEED2Ev
FNDA:6,_ZNSt6vectorISt5tupleIJiffiEESaIS1_EE5beginEv
FNDA:4,_ZNSt6vectorISt5tupleIJifEESaIS1_EE5beginEv
FNDA:190233,_ZNSt6vectorIiSaIiEE5beginEv
FNDA:45063,_ZNKSt6vectorIS_IiSaIiEESaIS1_EE5beginEv
FNDA:228017493,_ZNKSt6vectorIiSaIiEE5beginEv
FNDA:6,_ZNSt6vectorISt5tupleIJiffiEESaIS1_EE3endEv
FNDA:4,_ZNSt6vectorISt5tupleIJifEESaIS1_EE3endEv
FNDA:190233,_ZNSt6vectorIiSaIiEE3endEv
FNDA:45061,_ZNKSt6vectorIS_IiSaIiEESaIS1_EE3endEv
FNDA:228017473,_ZNKSt6vectorIiSaIiEE3endEv
FNDA:38,_ZNKSt6vectorISt5tupleIJiffiEESaIS1_EE4sizeEv
FNDA:26,_ZNKSt6vectorISt5tupleIJifEESaIS1_EE4sizeEv
FNDA:228813628,_ZNKSt6vectorIiSaIiEE4sizeEv
FNDA:390959027,_ZNKSt6vectorIS_IiSaIiEESaIS1_EE4sizeEv
FNDA:12,_ZNKSt6vectorISt5tupleIJiffiEESaIS1_EE8max_sizeEv
FNDA:8,_ZNKSt6vectorISt5tupleIJifEESaIS1_EE8max_sizeEv
FNDA:123,_ZNKSt6vectorIiSaIiEE8capacityEv
FNDA:856920786,_ZNSt6vectorIiSaIiEEixEm
FNDA:746586820,_ZNSt6vectorIS_IiSaIiEESaIS1_EEixEm
FNDA:8,_ZNSt6vectorISt5tupleIJiffiEESaIS1_EE9push_backERKS1_
FNDA:4,_ZNSt6vectorISt5tupleIJifEESaIS1_EE9push_backERKS1_
FNDA:52343,_ZNSt6vectorIiSaIiEE4swapERS1_
FNDA:0,_ZNSt6vectorIiSaIiEE5clearEv
FNDA:74,_ZNSt6vectorIiSaIiEE20_M_allocate_and_copyIN9__gnu_cxx17__normal_iteratorIPKiS1_EEEEPimT_S9_
FNDA:6,_ZNKSt6vectorISt5tupleIJiffiEESaIS1_EE12_M_check_lenEmPKc
FNDA:4,_ZNKSt6vectorISt5tupleIJifEESaIS1_EE12_M_check_lenEmPKc
FNDA:0,_ZNSt6vectorIiSaIiEE15_M_erase_at_endEPi
FNDA:52343,_ZSt4swapIiSaIiEEvRSt6vectorIT_T0_ES5_
FNF:70
FNH:68
DA:95,40266
DA:96,40266
DA:97,40266
DA:98,2
DA:99,2
DA:100,2
DA:101,4
DA:102,4
DA:103,4
DA:104,40260
DA:105,40260
DA:106,40260
DA:108,228062841
DA:109,228062841
DA:110,228062841
DA:111,45145
DA:112,45145
DA:113,45145
DA:114,228017696
DA:115,228017696
DA:116,228017696
DA:125,106529
DA:127,106529
DA:128,106529
DA:129,106529
DA:130,106529
DA:252,456950534
DA:253,456950534
DA:254,24
DA:255,24
DA:256,26
DA:257,26
DA:258,91025
DA:259,91025
DA:260,456859459
DA:261,456859459
DA:264,228443247
DA:265,228443247
DA:266,12
DA:267,12
DA:268,10
DA:269,10
DA:270,45527
DA:271,45527
DA:272,228397698
DA:273,228397698
DA:279,40266
DA:280,40266
DA:281,2
DA:282,2
DA:283,4
DA:284,4
DA:285,40260
DA:286,40260
DA:295,228062389
DA:296,228062389
DA:297,228062389
DA:298,45059
DA:299,45059
DA:300,45059
DA:301,228017330
DA:302,228017330
DA:303,228017330
DA:326,228157343
DA:328,228157343
DA:329,228157343
DA:330,228157343
DA:331,4
DA:333,4
DA:334,4
DA:335,4
DA:336,8
DA:338,8
DA:339,8
DA:340,8
DA:341,45189
DA:343,45189
DA:344,45189
DA:345,45189
DA:346,228112142
DA:348,228112142
DA:349,228112142
DA:350,228112142
DA:356,228253314
DA:359,228253314
DA:361,45346
DA:364,45346
DA:366,8
DA:369,8
DA:371,6
DA:374,6
DA:376,228207954
DA:379,228207954
DA:383,228347834
DA:386,228347834
DA:387,228253314
DA:388,228347834
DA:389,10
DA:392,10
DA:393,8
DA:394,10
DA:395,12
DA:398,12
DA:399,6
DA:400,12
DA:401,45412
DA:404,45412
DA:405,45346
DA:406,45412
DA:407,228302400
DA:410,228302400
DA:411,228207954
DA:412,228302400
DA:416,228062389
DA:418,228062389
DA:419,228062389
DA:420,228062389
DA:421,228062389
DA:422,45059
DA:424,45059
DA:425,45059
DA:426,45059
DA:427,45059
DA:428,228017330
DA:430,228017330
DA:431,228017330
DA:432,228017330
DA:433,228017330
DA:510,40266
DA:514,40266
DA:515,2
DA:519,2
DA:520,4
DA:524,4
DA:525,40260
DA:529,40260
DA:592,228062389
DA:594,228062389
DA:596,228062389
DA:597,228062389
DA:599,228062389
DA:600,228062389
DA:601,45059
DA:603,45059
DA:605,45059
DA:606,45059
DA:608,45059
DA:609,45059
DA:610,228017330
DA:612,228017330
DA:614,228017330
DA:615,228017330
DA:617,228017330
DA:618,228017330
DA:717,228157343
DA:719,228157343
DA:720,228157343
DA:722,228157343
DA:723,4
DA:725,4
DA:726,4
DA:728,4
DA:729,8
DA:731,8
DA:732,8
DA:734,8
DA:735,45189
DA:737,45189
DA:738,45189
DA:740,45189
DA:741,228112142
DA:743,228112142
DA:744,228112142
DA:746,228112142
DA:874,190243
DA:875,190243
DA:876,6
DA:877,6
DA:878,4
DA:879,4
DA:880,190233
DA:881,190233
DA:889,228062556
DA:890,228062556
DA:891,45063
DA:892,45063
DA:893,228017493
DA:894,228017493
DA:902,190243
DA:903,190243
DA:904,6
DA:905,6
DA:906,4
DA:907,4
DA:908,190233
DA:909,190233
DA:917,228062534
DA:918,228062534
DA:919,45061
DA:920,45061
DA:921,228017473
DA:922,228017473
DA:1001,619772719
DA:1002,619772719
DA:1003,38
DA:1004,38
DA:1005,26
DA:1006,26
DA:1007,228813628
DA:1008,228813628
DA:1009,390959027
DA:1010,390959027
DA:1014,20
DA:1015,20
DA:1016,12
DA:1017,12
DA:1018,8
DA:1019,8
DA:1093,123
DA:1094,123
DA:1095,123
DA:1138,1603507606
DA:1141,1603507606
DA:1143,856920786
DA:1146,856920786
DA:1148,746586820
DA:1151,746586820
DA:1292,12
DA:1294,12
DA:1297,2
DA:1299,2
DA:1303,10
DA:1304,12
DA:1305,8
DA:1307,8
DA:1310,2
DA:1312,2
DA:1316,6
DA:1317,8
DA:1318,4
DA:1320,4
DA:1323,0
DA:1325,0
DA:1329,4
DA:1330,4
DA:1611,52343
DA:1617,52343
DA:1618,52343
DA:1620,52343
DA:1629,0
DA:1630,0
DA:1639,74
DA:1642,74
DA:1645,74
DA:1646,74
DA:1647,74
DA:1649,0
DA:1651,0
DA:1652,0
DA:1884,10
DA:1886,10
DA:1887,0
DA:1889,10
DA:1890,10
DA:1892,6
DA:1894,6
DA:1895,0
DA:1897,6
DA:1898,6
DA:1900,4
DA:1902,4
DA:1903,0
DA:1905,4
DA:1906,4
DA:1914,0
DA:1916,0
DA:1918,0
DA:1919,0
DA:1920,0
DA:1923,0
DA:2061,52343
DA:2063,52343
LF:282
LH:266
end_of_record
SF:/usr/include/c++/8/bits/vector.tcc
FN:186,_ZNSt6vectorIiSaIiEEaSERKS1_
FN:413,_ZNSt6vectorISt5tupleIJiffiEESaIS1_EE17_M_realloc_insertIJRKS1_EEEvN9__gnu_cxx17__normal_iteratorIPS1_S3_EEDpOT_
FN:413,_ZNSt6vectorISt5tupleIJifEESaIS1_EE17_M_realloc_insertIJRKS1_EEEvN9__gnu_cxx17__normal_iteratorIPS1_S3_EEDpOT_
FNDA:146,_ZNSt6vectorIiSaIiEEaSERKS1_
FNDA:6,_ZNSt6vectorISt5tupleIJiffiEESaIS1_EE17_M_realloc_insertIJRKS1_EEEvN9__gnu_cxx17__normal_iteratorIPS1_S3_EEDpOT_
FNDA:4,_ZNSt6vectorISt5tupleIJifEESaIS1_EE17_M_realloc_insertIJRKS1_EEEvN9__gnu_cxx17__normal_iteratorIPS1_S3_EEDpOT_
FNF:3
FNH:3
DA:186,146
DA:189,146
DA:193,123
DA:195,0
DA:196,0
DA:199,0
DA:200,0
DA:201,0
DA:202,0
DA:203,0
DA:204,0
DA:205,0
DA:207,0
DA:211,123
DA:212,123
DA:214,74
DA:216,74
DA:217,74
DA:218,148
DA:219,74
DA:220,74
DA:221,74
DA:222,74
DA:224,49
DA:226,49
DA:227,49
DA:231,0
DA:233,0
DA:234,0
DA:236,0
DA:238,123
DA:240,146
DA:413,10
DA:422,10
DA:424,10
DA:425,10
DA:426,10
DA:427,10
DA:428,10
DA:436,10
DA:437,10
DA:443,10
DA:447,10
DA:448,10
DA:450,10
DA:454,10
DA:455,10
DA:457,0
DA:459,0
DA:460,0
DA:461,0
DA:463,0
DA:464,0
DA:465,0
DA:468,10
DA:469,20
DA:470,10
DA:471,10
DA:472,10
DA:473,10
DA:474,10
DA:475,6
DA:484,6
DA:486,6
DA:487,6
DA:488,6
DA:489,6
DA:490,6
DA:498,6
DA:499,6
DA:505,6
DA:509,6
DA:510,6
DA:512,6
DA:516,6
DA:517,6
DA:519,0
DA:521,0
DA:522,0
DA:523,0
DA:525,0
DA:526,0
DA:527,0
DA:530,6
DA:531,12
DA:532,6
DA:533,6
DA:534,6
DA:535,6
DA:536,6
DA:537,4
DA:546,4
DA:548,4
DA:549,4
DA:550,4
DA:551,4
DA:552,4
DA:560,4
DA:561,4
DA:567,4
DA:571,4
DA:572,4
DA:574,4
DA:578,4
DA:579,4
DA:581,0
DA:583,0
DA:584,0
DA:585,0
DA:587,0
DA:588,0
DA:589,0
DA:592,4
DA:593,8
DA:594,4
DA:595,4
DA:596,4
DA:597,4
DA:598,4
LF:119
LH:84
end_of_record
SF:/usr/include/c++/8/ext/alloc_traits.h
FN:94,_ZN9__gnu_cxx14__alloc_traitsISaIiEiE17_S_select_on_copyERKS1_
FN:94,_ZN9__gnu_cxx14__alloc_traitsISaISt6vectorIiSaIiEEES3_E17_S_select_on_copyERKS4_
FN:97,_ZN9__gnu_cxx14__alloc_traitsISaIiEiE10_S_on_swapERS1_S3_
FN:100,_ZN9__gnu_cxx14__alloc_traitsISaIiEiE27_S_propagate_on_copy_assignEv
FN:109,_ZN9__gnu_cxx14__alloc_traitsISaIiEiE15_S_always_equalEv
FNDA:45059,_ZN9__gnu_cxx14__alloc_traitsISaISt6vectorIiSaIiEEES3_E17_S_select_on_copyERKS4_
FNDA:228017330,_ZN9__gnu_cxx14__alloc_traitsISaIiEiE17_S_select_on_copyERKS1_
FNDA:52343,_ZN9__gnu_cxx14__alloc_traitsISaIiEiE10_S_on_swapERS1_S3_
FNDA:123,_ZN9__gnu_cxx14__alloc_traitsISaIiEiE27_S_propagate_on_copy_assignEv
FNDA:0,_ZN9__gnu_cxx14__alloc_traitsISaIiEiE15_S_always_equalEv
FNF:5
FNH:4
DA:94,228062389
DA:95,228062389
DA:96,45059
DA:97,45059
DA:98,228017330
DA:99,228017330
DA:101,52343
DA:102,52343
DA:104,123
DA:105,123
DA:113,0
DA:114,0
LF:12
LH:10
end_of_record
SF:/usr/include/c++/8/ext/new_allocator.h
FN:79,_ZN9__gnu_cxx13new_allocatorISt5tupleIJiffiEEEC2Ev
FN:79,_ZN9__gnu_cxx13new_allocatorISt5tupleIJifEEEC2Ev
FN:79,_ZN9__gnu_cxx13new_allocatorIiEC2Ev
FN:81,_ZN9__gnu_cxx13new_allocatorISt6vectorIiSaIiEEEC2ERKS4_
FN:81,_ZN9__gnu_cxx13new_allocatorIiEC2ERKS1_
FN:86,_ZN9__gnu_cxx13new_allocatorISt6vectorIiSaIiEEED2Ev
FN:86,_ZN9__gnu_cxx13new_allocatorISt5tupleIJifEEED2Ev
FN:86,_ZN9__gnu_cxx13new_allocatorISt5tupleIJiffiEEED2Ev
FN:86,_ZN9__gnu_cxx13new_allocatorIiED2Ev
FN:99,_ZN9__gnu_cxx13new_allocatorISt5tupleIJifEEE8allocateEmPKv
FN:99,_ZN9__gnu_cxx13new_allocatorISt5tupleIJiffiEEE8allocateEmPKv
FN:99,_ZN9__gnu_cxx13new_allocatorIiE8allocateEmPKv
FN:99,_ZN9__gnu_cxx13new_allocatorISt6vectorIiSaIiEEE8allocateEmPKv
FN:116,_ZN9__gnu_cxx13new_allocatorISt5tupleIJifEEE10deallocateEPS2_m
FN:116,_ZN9__gnu_cxx13new_allocatorISt6vectorIiSaIiEEE10deallocateEPS3_m
FN:116,_ZN9__gnu_cxx13new_allocatorISt5tupleIJiffiEEE10deallocateEPS2_m
FN:116,_ZN9__gnu_cxx13new_allocatorIiE10deallocateEPim
FN:129,_ZNK9__gnu_cxx13new_allocatorIiE8max_sizeEv
FN:129,_ZNK9__gnu_cxx13new_allocatorISt6vectorIiSaIiEEE8max_sizeEv
FN:129,_ZNK9__gnu_cxx13new_allocatorISt5tupleIJiffiEEE8max_sizeEv
FN:129,_ZNK9__gnu_cxx13new_allocatorISt5tupleIJifEEE8max_sizeEv
FN:135,_ZN9__gnu_cxx13new_allocatorISt5tupleIJifEEE9constructIS2_JRKS2_EEEvPT_DpOT0_
FN:135,_ZN9__gnu_cxx13new_allocatorISt5tupleIJiffiEEE9constructIS2_JRKS2_EEEvPT_DpOT0_
FN:140,_ZN9__gnu_cxx13new_allocatorISt5tupleIJiffiEEE7destroyIS2_EEvPT_
FN:140,_ZN9__gnu_cxx13new_allocatorISt5tupleIJifEEE7destroyIS2_EEvPT_
FNDA:4,_ZN9__gnu_cxx13new_allocatorISt5tupleIJiffiEEEC2Ev
FNDA:6,_ZN9__gnu_cxx13new_allocatorISt5tupleIJifEEEC2Ev
FNDA:40626,_ZN9__gnu_cxx13new_allocatorIiEC2Ev
FNDA:90226,_ZN9__gnu_cxx13new_allocatorISt6vectorIiSaIiEEEC2ERKS4_
FNDA:456089212,_ZN9__gnu_cxx13new_allocatorIiEC2ERKS1_
FNDA:6,_ZN9__gnu_cxx13new_allocatorISt5tupleIJiffiEEED2Ev
FNDA:12,_ZN9__gnu_cxx13new_allocatorISt5tupleIJifEEED2Ev
FNDA:90334,_ZN9__gnu_cxx13new_allocatorISt6vectorIiSaIiEEED2Ev
FNDA:456129838,_ZN9__gnu_cxx13new_allocatorIiED2Ev
FNDA:45346,_ZN9__gnu_cxx13new_allocatorISt6vectorIiSaIiEEE8allocateEmPKv
FNDA:8,_ZN9__gnu_cxx13new_allocatorISt5tupleIJiffiEEE8allocateEmPKv
FNDA:6,_ZN9__gnu_cxx13new_allocatorISt5tupleIJifEEE8allocateEmPKv
FNDA:228207954,_ZN9__gnu_cxx13new_allocatorIiE8allocateEmPKv
FNDA:8,_ZN9__gnu_cxx13new_allocatorISt5tupleIJiffiEEE10deallocateEPS2_m
FNDA:6,_ZN9__gnu_cxx13new_allocatorISt5tupleIJifEEE10deallocateEPS2_m
FNDA:45346,_ZN9__gnu_cxx13new_allocatorISt6vectorIiSaIiEEE10deallocateEPS3_m
FNDA:228207954,_ZN9__gnu_cxx13new_allocatorIiE10deallocateEPim
FNDA:45792,_ZNK9__gnu_cxx13new_allocatorISt6vectorIiSaIiEEE8max_sizeEv
FNDA:20,_ZNK9__gnu_cxx13new_allocatorISt5tupleIJiffiEEE8max_sizeEv
FNDA:14,_ZNK9__gnu_cxx13new_allocatorISt5tupleIJifEEE8max_sizeEv
FNDA:228588322,_ZNK9__gnu_cxx13new_allocatorIiE8max_sizeEv
FNDA:8,_ZN9__gnu_cxx13new_allocatorISt5tupleIJiffiEEE9constructIS2_JRKS2_EEEvPT_DpOT0_
FNDA:4,_ZN9__gnu_cxx13new_allocatorISt5tupleIJifEEE9constructIS2_JRKS2_EEEvPT_DpOT0_
FNDA:0,_ZN9__gnu_cxx13new_allocatorISt5tupleIJiffiEEE7destroyIS2_EEvPT_
FNDA:0,_ZN9__gnu_cxx13new_allocatorISt5tupleIJifEEE7destroyIS2_EEvPT_
FNF:25
FNH:23
DA:79,40636
DA:81,456179438
DA:86,456220190
DA:99,228253314
DA:101,228253314
DA:102,0
DA:111,228253314
DA:113,45346
DA:115,45346
DA:116,0
DA:125,45346
DA:127,8
DA:129,8
DA:130,0
DA:139,8
DA:141,6
DA:143,6
DA:144,0
DA:153,6
DA:155,228207954
DA:157,228207954
DA:158,0
DA:167,228207954
DA:172,228253314
DA:181,228253314
DA:182,228253314
DA:183,8
DA:192,8
DA:193,8
DA:194,6
DA:203,6
DA:204,6
DA:205,45346
DA:214,45346
DA:215,45346
DA:216,228207954
DA:225,228207954
DA:226,228207954
DA:229,228634148
DA:230,228634148
DA:231,45792
DA:232,45792
DA:233,20
DA:234,20
DA:235,14
DA:236,14
DA:237,228588322
DA:238,228588322
DA:243,12
DA:244,12
DA:245,8
DA:246,8
DA:247,4
DA:248,4
DA:252,0
LF:55
LH:49
end_of_record
SF:/usr/include/c++/8/new
FN:168,_ZnwmPv
FN:174,_ZdlPvS_
FNDA:228380750,_ZnwmPv
FNDA:0,_ZdlPvS_
FNF:2
FNH:1
DA:168,228380750
DA:169,228380750
DA:174,0
LF:3
LH:2
end_of_record
SF:/usr/include/c++/8/tuple
FN:132,_ZNSt10_Head_baseILm0EiLb0EEC2IRiEEOT_
FN:132,_ZNSt10_Head_baseILm3EiLb0EEC2IiEEOT_
FN:132,_ZNSt10_Head_baseILm1EfLb0EEC2IfEEOT_
FN:132,_ZNSt10_Head_baseILm2EfLb0EEC2IRfEEOT_
FN:132,_ZNSt10_Head_baseILm2EfLb0EEC2IfEEOT_
FN:132,_ZNSt10_Head_baseILm0EiLb0EEC2IiEEOT_
FN:132,_ZNSt10_Head_baseILm1EfLb0EEC2IRfEEOT_
FN:132,_ZNSt10_Head_baseILm3EfLb0EEC2IRfEEOT_
FN:160,_ZNSt10_Head_baseILm1EfLb0EE7_M_headERS0_
FN:160,_ZNSt10_Head_baseILm3EfLb0EE7_M_headERS0_
FN:160,_ZNSt10_Head_baseILm2EfLb0EE7_M_headERS0_
FN:160,_ZNSt10_Head_baseILm3EiLb0EE7_M_headERS0_
FN:160,_ZNSt10_Head_baseILm0EiLb0EE7_M_headERS0_
FN:195,_ZNSt11_Tuple_implILm2EJffEE7_M_headERS0_
FN:195,_ZNSt11_Tuple_implILm0EJifffEE7_M_headERS0_
FN:195,_ZNSt11_Tuple_implILm0EJiffiEE7_M_headERS0_
FN:195,_ZNSt11_Tuple_implILm0EJifEE7_M_headERS0_
FN:195,_ZNSt11_Tuple_implILm1EJfffEE7_M_headERS0_
FN:195,_ZNSt11_Tuple_implILm1EJffiEE7_M_headERS0_
FN:195,_ZNSt11_Tuple_implILm2EJfiEE7_M_headERS0_
FN:201,_ZNSt11_Tuple_implILm1EJfffEE7_M_tailERS0_
FN:201,_ZNSt11_Tuple_implILm0EJifffEE7_M_tailERS0_
FN:201,_ZNSt11_Tuple_implILm1EJffiEE7_M_tailERS0_
FN:201,_ZNSt11_Tuple_implILm2EJffEE7_M_tailERS0_
FN:201,_ZNSt11_Tuple_implILm2EJfiEE7_M_tailERS0_
FN:201,_ZNSt11_Tuple_implILm0EJifEE7_M_tailERS0_
FN:201,_ZNSt11_Tuple_implILm0EJiffiEE7_M_tailERS0_
FN:216,_ZNSt11_Tuple_implILm0EJifffEEC2IRiJRfS3_S3_EvEEOT_DpOT0_
FN:216,_ZNSt11_Tuple_implILm1EJfffEEC2IRfJS2_S2_EvEEOT_DpOT0_
FN:216,_ZNSt11_Tuple_implILm0EJifEEC2IiJfEvEEOT_DpOT0_
FN:216,_ZNSt11_Tuple_implILm2EJffEEC2IRfJS2_EvEEOT_DpOT0_
FN:223,_ZNSt11_Tuple_implILm0EJifEEC2EOS0_
FN:223,_ZNSt11_Tuple_implILm2EJfiEEC2EOS0_
FN:223,_ZNSt11_Tuple_implILm1EJffiEEC2EOS0_
FN:223,_ZNSt11_Tuple_implILm0EJiffiEEC2EOS0_
FN:320,_ZNSt11_Tuple_implILm1EJffiEEaSIfJffEEERS0_OS_ILm1EJT_DpT0_EE
FN:320,_ZNSt11_Tuple_implILm0EJiffiEEaSIiJfffEEERS0_OS_ILm0EJT_DpT0_EE
FN:320,_ZNSt11_Tuple_implILm2EJfiEEaSIfJfEEERS0_OS_ILm2EJT_DpT0_EE
FN:351,_ZNSt11_Tuple_implILm3EJfEE7_M_headERS0_
FN:351,_ZNSt11_Tuple_implILm3EJiEE7_M_headERS0_
FN:351,_ZNSt11_Tuple_implILm1EJfEE7_M_headERS0_
FN:365,_ZNSt11_Tuple_implILm3EJfEEC2IRfEEOT_
FN:365,_ZNSt11_Tuple_implILm1EJfEEC2IfEEOT_
FN:371,_ZNSt11_Tuple_implILm1EJfEEC2EOS0_
FN:371,_ZNSt11_Tuple_implILm3EJiEEC2EOS0_
FN:448,_ZNSt11_Tuple_implILm3EJiEEaSIfEERS0_OS_ILm3EJT_EE
FN:646,_ZNSt5tupleIJifffEEC2IJRiRfS3_S3_ELb1EEEDpOT_
FN:662,_ZNSt5tupleIJiffiEEC2EOS0_
FN:863,_ZNSt5tupleIJiffiEEaSIJifffEEENSt9enable_ifIXeqsZT_Lm4EERS0_E4typeEOS_IJDpT_EE
FN:987,_ZNSt5tupleIJifEEC2EOS0_
FN:1049,_ZNSt5tupleIJifEEC2IifLb1EEEOSt4pairIT_T0_E
FN:1464,_ZSt10make_tupleIJRiRfS1_S1_EESt5tupleIJDpNSt17__decay_and_stripIT_E6__typeEEEDpOS4_
FNDA:8,_ZNSt10_Head_baseILm3EfLb0EEC2IRfEEOT_
FNDA:8,_ZNSt10_Head_baseILm2EfLb0EEC2IRfEEOT_
FNDA:8,_ZNSt10_Head_baseILm1EfLb0EEC2IRfEEOT_
FNDA:6,_ZNSt10_Head_baseILm3EiLb0EEC2IiEEOT_
FNDA:8,_ZNSt10_Head_baseILm0EiLb0EEC2IRiEEOT_
FNDA:6,_ZNSt10_Head_baseILm2EfLb0EEC2IfEEOT_
FNDA:12,_ZNSt10_Head_baseILm0EiLb0EEC2IiEEOT_
FNDA:12,_ZNSt10_Head_baseILm1EfLb0EEC2IfEEOT_
FNDA:30,_ZNSt10_Head_baseILm3EiLb0EE7_M_headERS0_
FNDA:38,_ZNSt10_Head_baseILm2EfLb0EE7_M_headERS0_
FNDA:8,_ZNSt10_Head_baseILm3EfLb0EE7_M_headERS0_
FNDA:48,_ZNSt10_Head_baseILm0EiLb0EE7_M_headERS0_
FNDA:48,_ZNSt10_Head_baseILm1EfLb0EE7_M_headERS0_
FNDA:30,_ZNSt11_Tuple_implILm2EJfiEE7_M_headERS0_
FNDA:30,_ZNSt11_Tuple_implILm1EJffiEE7_M_headERS0_
FNDA:30,_ZNSt11_Tuple_implILm0EJiffiEE7_M_headERS0_
FNDA:8,_ZNSt11_Tuple_implILm0EJifffEE7_M_headERS0_
FNDA:8,_ZNSt11_Tuple_implILm1EJfffEE7_M_headERS0_
FNDA:8,_ZNSt11_Tuple_implILm2EJffEE7_M_headERS0_
FNDA:10,_ZNSt11_Tuple_implILm0EJifEE7_M_headERS0_
FNDA:14,_ZNSt11_Tuple_implILm2EJfiEE7_M_tailERS0_
FNDA:14,_ZNSt11_Tuple_implILm1EJffiEE7_M_tailERS0_
FNDA:14,_ZNSt11_Tuple_implILm0EJiffiEE7_M_tailERS0_
FNDA:8,_ZNSt11_Tuple_implILm0EJifffEE7_M_tailERS0_
FNDA:8,_ZNSt11_Tuple_implILm1EJfffEE7_M_tailERS0_
FNDA:8,_ZNSt11_Tuple_implILm2EJffEE7_M_tailERS0_
FNDA:2,_ZNSt11_Tuple_implILm0EJifEE7_M_tailERS0_
FNDA:8,_ZNSt11_Tuple_implILm2EJffEEC2IRfJS2_EvEEOT_DpOT0_
FNDA:8,_ZNSt11_Tuple_implILm1EJfffEEC2IRfJS2_S2_EvEEOT_DpOT0_
FNDA:8,_ZNSt11_Tuple_implILm0EJifffEEC2IRiJRfS3_S3_EvEEOT_DpOT0_
FNDA:4,_ZNSt11_Tuple_implILm0EJifEEC2IiJfEvEEOT_DpOT0_
FNDA:6,_ZNSt11_Tuple_implILm0EJiffiEEC2EOS0_
FNDA:6,_ZNSt11_Tuple_implILm1EJffiEEC2EOS0_
FNDA:6,_ZNSt11_Tuple_implILm2EJfiEEC2EOS0_
FNDA:2,_ZNSt11_Tuple_implILm0EJifEEC2EOS0_
FNDA:8,_ZNSt11_Tuple_implILm2EJfiEEaSIfJfEEERS0_OS_ILm2EJT_DpT0_EE
FNDA:8,_ZNSt11_Tuple_implILm1EJffiEEaSIfJffEEERS0_OS_ILm1EJT_DpT0_EE
FNDA:8,_ZNSt11_Tuple_implILm0EJiffiEEaSIiJfffEEERS0_OS_ILm0EJT_DpT0_EE
FNDA:30,_ZNSt11_Tuple_implILm3EJiEE7_M_headERS0_
FNDA:8,_ZNSt11_Tuple_implILm3EJfEE7_M_headERS0_
FNDA:10,_ZNSt11_Tuple_implILm1EJfEE7_M_headERS0_
FNDA:8,_ZNSt11_Tuple_implILm3EJfEEC2IRfEEOT_
FNDA:4,_ZNSt11_Tuple_implILm1EJfEEC2IfEEOT_
FNDA:6,_ZNSt11_Tuple_implILm3EJiEEC2EOS0_
FNDA:2,_ZNSt11_Tuple_implILm1EJfEEC2EOS0_
FNDA:8,_ZNSt11_Tuple_implILm3EJiEEaSIfEERS0_OS_ILm3EJT_EE
FNDA:8,_ZNSt5tupleIJifffEEC2IJRiRfS3_S3_ELb1EEEDpOT_
FNDA:6,_ZNSt5tupleIJiffiEEC2EOS0_
FNDA:8,_ZNSt5tupleIJiffiEEaSIJifffEEENSt9enable_ifIXeqsZT_Lm4EERS0_E4typeEOS_IJDpT_EE
FNDA:2,_ZNSt5tupleIJifEEC2EOS0_
FNDA:4,_ZNSt5tupleIJifEEC2IifLb1EEEOSt4pairIT_T0_E
FNDA:8,_ZSt10make_tupleIJRiRfS1_S1_EESt5tupleIJDpNSt17__decay_and_stripIT_E6__typeEEEDpOS4_
FNF:52
FNH:52
DA:132,68
DA:133,68
DA:134,8
DA:135,8
DA:136,8
DA:137,8
DA:138,8
DA:139,8
DA:140,6
DA:141,6
DA:142,8
DA:143,8
DA:144,6
DA:145,6
DA:146,12
DA:147,12
DA:148,12
DA:149,12
DA:176,172
DA:211,124
DA:217,68
DA:232,28
DA:234,28
DA:235,8
DA:237,8
DA:238,8
DA:240,8
DA:241,8
DA:243,8
DA:244,4
DA:246,4
DA:251,20
DA:254,20
DA:255,40
DA:256,6
DA:259,6
DA:260,12
DA:261,6
DA:264,6
DA:265,12
DA:266,6
DA:269,6
DA:270,12
DA:271,2
DA:274,2
DA:275,4
DA:368,24
DA:370,24
DA:371,24
DA:372,24
DA:373,24
DA:374,24
DA:376,8
DA:378,8
DA:379,8
DA:380,8
DA:381,8
DA:382,8
DA:384,8
DA:386,8
DA:387,8
DA:388,8
DA:389,8
DA:390,8
DA:392,8
DA:394,8
DA:395,8
DA:396,8
DA:397,8
DA:398,8
DA:423,48
DA:437,12
DA:438,12
DA:439,8
DA:440,8
DA:441,4
DA:442,4
DA:447,8
DA:449,8
DA:450,6
DA:452,6
DA:453,2
DA:455,2
DA:530,8
DA:532,8
DA:533,8
DA:534,8
DA:728,8
DA:729,8
DA:744,6
DA:945,8
DA:947,8
DA:948,8
DA:1069,2
DA:1131,4
DA:1132,4
DA:1133,4
DA:1546,8
DA:1550,8
LF:99
LH:99
end_of_record
TN:
SF:/home/iherrera/Documents/UBA/2018_2C/algo1_taller/TPI3/enunciadoTPI_v05.11/src/Funciones_TPI.cpp
FN:16,_Z16grabarEncuestaIHSt6vectorIS_IiSaIiEESaIS1_EENSt7__cxx1112basic_stringIcSt11char_traitsIcESaIcEEE
FN:37,_Z14leerEncuestaIHNSt7__cxx1112basic_stringIcSt11char_traitsIcESaIcEEE
FN:61,_Z12leerEncuestaNSt7__cxx1112basic_stringIcSt11char_traitsIcESaIcEEERSt6vectorIS5_IiSaIiEESaIS7_EESA_
FN:75,_Z14grabarEncuestaSt6vectorIS_IiSaIiEESaIS1_EES3_NSt7__cxx1112basic_stringIcSt11char_traitsIcESaIcEEE
FNDA:0,_Z16grabarEncuestaIHSt6vectorIS_IiSaIiEESaIS1_EENSt7__cxx1112basic_stringIcSt11char_traitsIcESaIcEEE
FNDA:104,_Z14leerEncuestaIHNSt7__cxx1112basic_stringIcSt11char_traitsIcESaIcEEE
FNDA:104,_Z12leerEncuestaNSt7__cxx1112basic_stringIcSt11char_traitsIcESaIcEEERSt6vectorIS5_IiSaIiEESaIS7_EESA_
FNDA:0,_Z14grabarEncuestaSt6vectorIS_IiSaIiEESaIS1_EES3_NSt7__cxx1112basic_stringIcSt11char_traitsIcESaIcEEE
FNF:4
FNH:2
DA:16,0
DA:17,0
DA:18,0
DA:19,0
DA:20,0
DA:21,0
DA:22,0
DA:23,0
DA:24,0
DA:25,0
DA:27,0
DA:31,0
DA:33,0
DA:34,0
DA:37,104
DA:39,104
DA:40,208
DA:41,104
DA:42,208
DA:43,104
DA:44,104
DA:45,182768
DA:46,365328
DA:47,365328
DA:48,365328
DA:49,1969962
DA:50,1787298
DA:52,182664
DA:54,104
DA:57,0
DA:58,208
DA:61,104
DA:63,104
DA:64,104
DA:65,208
DA:67,104
DA:68,52
DA:69,52
DA:70,52
DA:72,0
DA:73,104
DA:75,0
DA:78,0
DA:79,0
DA:80,0
DA:81,0
DA:82,0
DA:83,0
DA:84,0
DA:86,0
DA:88,0
LF:51
LH:25
end_of_record
SF:/usr/include/c++/8/bits/alloc_traits.h
FN:435,_ZNSt16allocator_traitsISaISt6vectorIiSaIiEEEE8allocateERS3_m
FN:435,_ZNSt16allocator_traitsISaIiEE8allocateERS0_m
FN:461,_ZNSt16allocator_traitsISaISt6vectorIiSaIiEEEE10deallocateERS3_PS2_m
FN:461,_ZNSt16allocator_traitsISaIiEE10deallocateERS0_Pim
FN:474,_ZNSt16allocator_traitsISaISt6vectorIiSaIiEEEE9constructIS2_JRKS2_EEEvRS3_PT_DpOT0_
FN:474,_ZNSt16allocator_traitsISaIiEE9constructIiJiEEEvRS0_PT_DpOT0_
FN:486,_ZNSt16allocator_traitsISaIiEE7destroyIiEEvRS0_PT_
FN:486,_ZNSt16allocator_traitsISaISt6vectorIiSaIiEEEE7destroyIS2_EEvRS3_PT_
FN:495,_ZNSt16allocator_traitsISaISt6vectorIiSaIiEEEE8max_sizeERKS3_
FN:495,_ZNSt16allocator_traitsISaIiEE8max_sizeERKS0_
FN:504,_ZNSt16allocator_traitsISaISt6vectorIiSaIiEEEE37select_on_container_copy_constructionERKS3_
FN:504,_ZNSt16allocator_traitsISaIiEE37select_on_container_copy_constructionERKS0_
FN:504,_ZNSt16allocator_traitsISaIcEE37select_on_container_copy_constructionERKS0_
FN:516,_ZSt18__do_alloc_on_copyISaIiEEvRT_RKS1_St17integral_constantIbLb0EE
FN:520,_ZSt15__alloc_on_copyISaIiEEvRT_RKS1_
FN:535,_ZSt18__do_alloc_on_moveISaISt6vectorIiSaIiEEEEvRT_S5_St17integral_constantIbLb1EE
FN:543,_ZSt15__alloc_on_moveISaISt6vectorIiSaIiEEEEvRT_S5_
FNDA:0,_ZNSt16allocator_traitsISaISt6vectorIiSaIiEEEE8allocateERS3_m
FNDA:0,_ZNSt16allocator_traitsISaIiEE8allocateERS0_m
FNDA:0,_ZNSt16allocator_traitsISaISt6vectorIiSaIiEEEE10deallocateERS3_PS2_m
FNDA:0,_ZNSt16allocator_traitsISaIiEE10deallocateERS0_Pim
FNDA:1788508,_ZNSt16allocator_traitsISaIiEE9constructIiJiEEEvRS0_PT_DpOT0_
FNDA:182664,_ZNSt16allocator_traitsISaISt6vectorIiSaIiEEEE9constructIS2_JRKS2_EEEvRS3_PT_DpOT0_
FNDA:0,_ZNSt16allocator_traitsISaIiEE7destroyIiEEvRS0_PT_
FNDA:0,_ZNSt16allocator_traitsISaISt6vectorIiSaIiEEEE7destroyIS2_EEvRS3_PT_
FNDA:1683946,_ZNSt16allocator_traitsISaIiEE8max_sizeERKS0_
FNDA:2152,_ZNSt16allocator_traitsISaISt6vectorIiSaIiEEEE8max_sizeERKS3_
FNDA:0,_ZNSt16allocator_traitsISaIiEE37select_on_container_copy_constructionERKS0_
FNDA:0,_ZNSt16allocator_traitsISaIcEE37select_on_container_copy_constructionERKS0_
FNDA:0,_ZNSt16allocator_traitsISaISt6vectorIiSaIiEEEE37select_on_container_copy_constructionERKS3_
FNDA:0,_ZSt18__do_alloc_on_copyISaIiEEvRT_RKS1_St17integral_constantIbLb0EE
FNDA:0,_ZSt15__alloc_on_copyISaIiEEvRT_RKS1_
FNDA:104,_ZSt18__do_alloc_on_moveISaISt6vectorIiSaIiEEEEvRT_S5_St17integral_constantIbLb1EE
FNDA:104,_ZSt15__alloc_on_moveISaISt6vectorIiSaIiEEEEvRT_S5_
FNF:17
FNH:6
DA:435,0
DA:436,0
DA:437,0
DA:438,0
DA:439,0
DA:440,0
DA:465,0
DA:466,0
DA:467,0
DA:468,0
DA:469,0
DA:470,0
DA:482,1971172
DA:483,1971172
DA:484,1788508
DA:485,1788508
DA:486,182664
DA:487,182664
DA:498,0
DA:499,0
DA:500,0
DA:501,0
DA:502,0
DA:503,0
DA:511,1686098
DA:512,1686098
DA:513,1683946
DA:514,1683946
DA:515,2152
DA:516,2152
DA:524,0
DA:525,0
DA:526,0
DA:527,0
DA:528,0
DA:529,0
DA:530,0
DA:531,0
DA:542,0
DA:543,0
DA:546,0
DA:550,0
DA:551,0
DA:561,104
DA:562,104
DA:569,104
DA:573,104
DA:574,104
LF:48
LH:17
end_of_record
SF:/usr/include/c++/8/bits/allocator.h
FN:131,_ZNSaIiEC2Ev
FN:131,_ZNSaISt6vectorIiSaIiEEEC2Ev
FN:133,_ZNSaIiEC2ERKS_
FN:133,_ZNSaISt6vectorIiSaIiEEEC2ERKS2_
FN:139,_ZNSaISt6vectorIiSaIiEEED2Ev
FN:139,_ZNSaIiED2Ev
FN:164,_ZStneIiEbRKSaIT_ES3_
FNDA:372,_ZNSaISt6vectorIiSaIiEEEC2Ev
FNDA:0,_ZNSaIiEC2Ev
FNDA:0,_ZNSaIiEC2ERKS_
FNDA:0,_ZNSaISt6vectorIiSaIiEEEC2ERKS2_
FNDA:0,_ZNSaIiED2Ev
FNDA:0,_ZNSaISt6vectorIiSaIiEEED2Ev
FNDA:0,_ZStneIiEbRKSaIT_ES3_
FNF:7
FNH:1
DA:131,372
DA:133,0
DA:134,0
DA:135,0
DA:136,0
DA:137,0
DA:138,0
DA:143,0
DA:168,0
DA:170,0
LF:10
LH:1
end_of_record
SF:/usr/include/c++/8/bits/basic_string.h
FN:232,_ZNSt7__cxx1112basic_stringIcSt11char_traitsIcESaIcEE16_M_construct_auxIPKcEEvT_S8_St12__false_type
FN:232,_ZNSt7__cxx1112basic_stringIcSt11char_traitsIcESaIcEE16_M_construct_auxIPcEEvT_S7_St12__false_type
FN:252,_ZNSt7__cxx1112basic_stringIcSt11char_traitsIcESaIcEE12_M_constructIPKcEEvT_S8_
FN:252,_ZNSt7__cxx1112basic_stringIcSt11char_traitsIcESaIcEE12_M_constructIPcEEvT_S7_
FN:5918,_ZStplIcSt11char_traitsIcESaIcEENSt7__cxx1112basic_stringIT_T0_T1_EERKS8_SA_
FN:6061,_ZSteqIcSt11char_traitsIcESaIcEEbPKT_RKNSt7__cxx1112basic_stringIS3_T0_T1_EE
FN:6401,_ZNSt7__cxx114stoiERKNS_12basic_stringIcSt11char_traitsIcESaIcEEEPmi
FNDA:0,_ZNSt7__cxx1112basic_stringIcSt11char_traitsIcESaIcEE16_M_construct_auxIPcEEvT_S7_St12__false_type
FNDA:0,_ZNSt7__cxx1112basic_stringIcSt11char_traitsIcESaIcEE16_M_construct_auxIPKcEEvT_S8_St12__false_type
FNDA:0,_ZNSt7__cxx1112basic_stringIcSt11char_traitsIcESaIcEE12_M_constructIPcEEvT_S7_
FNDA:0,_ZNSt7__cxx1112basic_stringIcSt11char_traitsIcESaIcEE12_M_constructIPKcEEvT_S8_
FNDA:104,_ZStplIcSt11char_traitsIcESaIcEENSt7__cxx1112basic_stringIT_T0_T1_EERKS8_SA_
FNDA:208,_ZSteqIcSt11char_traitsIcESaIcEEbPKT_RKNSt7__cxx1112basic_stringIS3_T0_T1_EE
FNDA:1787298,_ZNSt7__cxx114stoiERKNS_12basic_stringIcSt11char_traitsIcESaIcEEEPmi
FNF:7
FNH:3
DA:232,0
DA:236,0
DA:237,0
DA:238,0
DA:242,0
DA:243,0
DA:244,0
DA:248,0
DA:249,0
DA:264,0
DA:267,0
DA:268,0
DA:269,0
DA:272,0
DA:273,0
DA:274,0
DA:277,0
DA:278,0
DA:5940,104
DA:5943,104
DA:5944,104
DA:5945,104
DA:6083,208
DA:6085,208
DA:6423,1787298
DA:6424,1787298
DA:6425,1787298
LF:27
LH:9
end_of_record
SF:/usr/include/c++/8/bits/basic_string.tcc
FN:206,_ZNSt7__cxx1112basic_stringIcSt11char_traitsIcESaIcEE12_M_constructIPKcEEvT_S8_St20forward_iterator_tag
FN:206,_ZNSt7__cxx1112basic_stringIcSt11char_traitsIcESaIcEE12_M_constructIPcEEvT_S7_St20forward_iterator_tag
FNDA:0,_ZNSt7__cxx1112basic_stringIcSt11char_traitsIcESaIcEE12_M_constructIPcEEvT_S7_St20forward_iterator_tag
FNDA:0,_ZNSt7__cxx1112basic_stringIcSt11char_traitsIcESaIcEE12_M_constructIPKcEEvT_S8_St20forward_iterator_tag
FNF:2
FNH:0
DA:206,0
DA:211,0
DA:212,0
DA:215,0
DA:217,0
DA:219,0
DA:220,0
DA:225,0
DA:226,0
DA:228,0
DA:229,0
DA:232,0
DA:233,0
DA:234,0
DA:239,0
DA:240,0
DA:243,0
DA:245,0
DA:247,0
DA:248,0
DA:253,0
DA:254,0
DA:256,0
DA:257,0
DA:260,0
DA:261,0
DA:262,0
DA:267,0
DA:268,0
DA:271,0
DA:273,0
DA:275,0
DA:276,0
DA:281,0
DA:282,0
DA:284,0
DA:285,0
DA:288,0
DA:289,0
LF:39
LH:0
end_of_record
SF:/usr/include/c++/8/bits/char_traits.h
FN:314,_ZNSt11char_traitsIcE6lengthEPKc
FNDA:0,_ZNSt11char_traitsIcE6lengthEPKc
FNF:1
FNH:0
DA:314,0
DA:320,0
LF:2
LH:0
end_of_record
SF:/usr/include/c++/8/bits/cpp_type_traits.h
FN:419,_ZSt12__miter_baseIN9__gnu_cxx17__normal_iteratorIPKiSt6vectorIiSaIiEEEEET_S8_
FN:419,_ZSt12__miter_baseIPiET_S1_
FNDA:0,_ZSt12__miter_baseIPiET_S1_
FNDA:0,_ZSt12__miter_baseIN9__gnu_cxx17__normal_iteratorIPKiSt6vectorIiSaIiEEEEET_S8_
FNF:2
FNH:0
DA:419,0
DA:420,0
DA:421,0
DA:422,0
DA:423,0
DA:424,0
LF:6
LH:0
end_of_record
SF:/usr/include/c++/8/bits/ios_base.h
FN:129,_ZStorSt13_Ios_OpenmodeS_
FNDA:184661,_ZStorSt13_Ios_OpenmodeS_
FNF:1
FNH:1
DA:129,184661
DA:130,184661
LF:2
LH:2
end_of_record
SF:/usr/include/c++/8/bits/move.h
FN:47,_ZSt11__addressofISt6vectorIiSaIiEEEPT_RS3_
FN:74,_ZSt7forwardISt6vectorIiSaIiEEEOT_RNSt16remove_referenceIS3_E4typeE
FN:74,_ZSt7forwardIiEOT_RNSt16remove_referenceIS0_E4typeE
FN:74,_ZSt7forwardIRKSt6vectorIiSaIiEEEOT_RNSt16remove_referenceIS5_E4typeE
FN:99,_ZSt4moveIRSaIiEEONSt16remove_referenceIT_E4typeEOS3_
FN:99,_ZSt4moveIRPSt6vectorIiSaIiEEEONSt16remove_referenceIT_E4typeEOS6_
FN:99,_ZSt4moveIRSaIcEEONSt16remove_referenceIT_E4typeEOS3_
FN:99,_ZSt4moveIRSt6vectorIiSaIiEEEONSt16remove_referenceIT_E4typeEOS5_
FN:99,_ZSt4moveIRSt6vectorIS0_IiSaIiEESaIS2_EEEONSt16remove_referenceIT_E4typeEOS7_
FN:99,_ZSt4moveIRSaISt6vectorIiSaIiEEEEONSt16remove_referenceIT_E4typeEOS6_
FN:99,_ZSt4moveIRPiEONSt16remove_referenceIT_E4typeEOS3_
FN:99,_ZSt4moveIRiEONSt16remove_referenceIT_E4typeEOS2_
FN:182,_ZSt4swapIPiENSt9enable_ifIXsrSt6__and_IJSt6__not_ISt15__is_tuple_likeIT_EESt21is_move_constructibleIS5_ESt18is_move_assignableIS5_EEE5valueEvE4typeERS5_SF_
FN:182,_ZSt4swapIPSt6vectorIiSaIiEEENSt9enable_ifIXsrSt6__and_IJSt6__not_ISt15__is_tuple_likeIT_EESt21is_move_constructibleIS8_ESt18is_move_assignableIS8_EEE5valueEvE4typeERS8_SI_
FNDA:0,_ZSt11__addressofISt6vectorIiSaIiEEEPT_RS3_
FNDA:241304,_ZSt7forwardISt6vectorIiSaIiEEEOT_RNSt16remove_referenceIS3_E4typeE
FNDA:0,_ZSt7forwardIRKSt6vectorIiSaIiEEEOT_RNSt16remove_referenceIS5_E4typeE
FNDA:0,_ZSt7forwardIiEOT_RNSt16remove_referenceIS0_E4typeE
FNDA:0,_ZSt4moveIRPiEONSt16remove_referenceIT_E4typeEOS3_
FNDA:482608,_ZSt4moveIRSaIiEEONSt16remove_referenceIT_E4typeEOS3_
FNDA:241304,_ZSt4moveIRSt6vectorIiSaIiEEEONSt16remove_referenceIT_E4typeEOS5_
FNDA:1872,_ZSt4moveIRPSt6vectorIiSaIiEEEONSt16remove_referenceIT_E4typeEOS6_
FNDA:104,_ZSt4moveIRSaISt6vectorIiSaIiEEEEONSt16remove_referenceIT_E4typeEOS6_
FNDA:104,_ZSt4moveIRSt6vectorIS0_IiSaIiEESaIS2_EEEONSt16remove_referenceIT_E4typeEOS7_
FNDA:1788508,_ZSt4moveIRiEONSt16remove_referenceIT_E4typeEOS2_
FNDA:0,_ZSt4moveIRSaIcEEONSt16remove_referenceIT_E4typeEOS3_
FNDA:0,_ZSt4swapIPiENSt9enable_ifIXsrSt6__and_IJSt6__not_ISt15__is_tuple_likeIT_EESt21is_move_constructibleIS5_ESt18is_move_assignableIS5_EEE5valueEvE4typeERS5_SF_
FNDA:624,_ZSt4swapIPSt6vectorIiSaIiEEENSt9enable_ifIXsrSt6__and_IJSt6__not_ISt15__is_tuple_likeIT_EESt21is_move_constructibleIS8_ESt18is_move_assignableIS8_EEE5valueEvE4typeERS8_SI_
FNF:14
FNH:8
DA:47,0
DA:48,0
DA:74,241304
DA:75,241304
DA:76,241304
DA:77,241304
DA:78,0
DA:79,0
DA:80,0
DA:81,0
DA:105,2514500
DA:106,2514500
DA:107,0
DA:108,0
DA:109,482608
DA:110,482608
DA:111,241304
DA:112,241304
DA:113,1872
DA:114,1872
DA:115,104
DA:116,104
DA:117,104
DA:118,104
DA:119,1788508
DA:120,1788508
DA:121,0
DA:122,0
DA:204,624
DA:215,624
DA:216,624
DA:217,624
DA:218,624
DA:219,0
DA:230,0
DA:231,0
DA:232,0
DA:233,0
DA:234,624
DA:245,624
DA:246,624
DA:247,624
DA:248,624
LF:43
LH:28
end_of_record
SF:/usr/include/c++/8/bits/stl_algobase.h
FN:219,_ZSt3maxImERKT_S2_S2_
FN:277,_ZSt12__niter_baseIPiET_S1_
FN:357,_ZNSt11__copy_moveILb0ELb1ESt26random_access_iterator_tagE8__copy_mIiEEPT_PKS3_S6_S4_
FN:357,_ZNSt11__copy_moveILb1ELb1ESt26random_access_iterator_tagE8__copy_mIiEEPT_PKS3_S6_S4_
FN:375,_ZSt13__copy_move_aILb0EPiS0_ET1_T0_S2_S1_
FN:375,_ZSt13__copy_move_aILb0EPKiPiET1_T0_S4_S3_
FN:375,_ZSt13__copy_move_aILb1EPiS0_ET1_T0_S2_S1_
FN:420,_ZSt14__copy_move_a2ILb0EN9__gnu_cxx17__normal_iteratorIPKiSt6vectorIiSaIiEEEEPiET1_T0_SA_S9_
FN:420,_ZSt14__copy_move_a2ILb1EPiS0_ET1_T0_S2_S1_
FN:420,_ZSt14__copy_move_a2ILb0EN9__gnu_cxx17__normal_iteratorIPKiSt6vectorIiSaIiEEEENS1_IPiS6_EEET1_T0_SB_SA_
FN:420,_ZSt14__copy_move_a2ILb0EPiS0_ET1_T0_S2_S1_
FNDA:0,_ZSt3maxImERKT_S2_S2_
FNDA:0,_ZSt12__niter_baseIPiET_S1_
FNDA:1683946,_ZNSt11__copy_moveILb1ELb1ESt26random_access_iterator_tagE8__copy_mIiEEPT_PKS3_S6_S4_
FNDA:0,_ZNSt11__copy_moveILb0ELb1ESt26random_access_iterator_tagE8__copy_mIiEEPT_PKS3_S6_S4_
FNDA:1683946,_ZSt13__copy_move_aILb1EPiS0_ET1_T0_S2_S1_
FNDA:0,_ZSt13__copy_move_aILb0EPiS0_ET1_T0_S2_S1_
FNDA:0,_ZSt13__copy_move_aILb0EPKiPiET1_T0_S4_S3_
FNDA:1683946,_ZSt14__copy_move_a2ILb1EPiS0_ET1_T0_S2_S1_
FNDA:0,_ZSt14__copy_move_a2ILb0EN9__gnu_cxx17__normal_iteratorIPKiSt6vectorIiSaIiEEEEPiET1_T0_SA_S9_
FNDA:0,_ZSt14__copy_move_a2ILb0EPiS0_ET1_T0_S2_S1_
FNDA:0,_ZSt14__copy_move_a2ILb0EN9__gnu_cxx17__normal_iteratorIPKiSt6vectorIiSaIiEEEENS1_IPiS6_EEET1_T0_SB_SA_
FNF:11
FNH:3
DA:219,0
DA:224,0
DA:225,0
DA:226,0
DA:277,0
DA:278,0
DA:357,1683946
DA:366,1683946
DA:367,1683946
DA:368,659013
DA:369,1683946
DA:371,1683946
DA:380,1683946
DA:381,1683946
DA:382,659013
DA:383,1683946
DA:385,0
DA:394,0
DA:395,0
DA:396,0
DA:397,0
DA:403,1683946
DA:408,1683946
DA:414,1683946
DA:416,1683946
DA:421,1683946
DA:427,1683946
DA:429,0
DA:434,0
DA:440,0
DA:442,0
DA:447,0
DA:453,0
DA:487,1683946
DA:489,1683946
DA:491,1683946
DA:493,1683946
DA:495,1683946
DA:497,1683946
DA:499,0
DA:501,0
DA:503,0
DA:505,0
DA:507,0
DA:509,0
DA:511,0
DA:513,0
DA:515,0
DA:537,1683946
DA:546,1683946
DA:547,1683946
LF:51
LH:25
end_of_record
SF:/usr/include/c++/8/bits/stl_construct.h
FN:74,_ZSt10_ConstructISt6vectorIiSaIiEEJRKS2_EEvPT_DpOT0_
FN:74,_ZSt10_ConstructISt6vectorIiSaIiEEJS2_EEvPT_DpOT0_
FN:97,_ZSt8_DestroyISt6vectorIiSaIiEEEvPT_
FN:105,_ZNSt12_Destroy_auxILb0EE9__destroyIPSt6vectorIiSaIiEEEEvT_S6_
FN:117,_ZNSt12_Destroy_auxILb1EE9__destroyIN9__gnu_cxx17__normal_iteratorIPiSt6vectorIiSaIiEEEEEEvT_S9_
FN:117,_ZNSt12_Destroy_auxILb1EE9__destroyIPiEEvT_S3_
FN:127,_ZSt8_DestroyIN9__gnu_cxx17__normal_iteratorIPiSt6vectorIiSaIiEEEEEvT_S7_
FN:127,_ZSt8_DestroyIPiEvT_S1_
FN:127,_ZSt8_DestroyIPSt6vectorIiSaIiEEEvT_S4_
FN:203,_ZSt8_DestroyIN9__gnu_cxx17__normal_iteratorIPiSt6vectorIiSaIiEEEEiEvT_S7_RSaIT0_E
FN:203,_ZSt8_DestroyIPSt6vectorIiSaIiEES2_EvT_S4_RSaIT0_E
FN:203,_ZSt8_DestroyIPiiEvT_S1_RSaIT0_E
FNDA:241304,_ZSt10_ConstructISt6vectorIiSaIiEEJS2_EEvPT_DpOT0_
FNDA:0,_ZSt10_ConstructISt6vectorIiSaIiEEJRKS2_EEvPT_DpOT0_
FNDA:0,_ZSt8_DestroyISt6vectorIiSaIiEEEvPT_
FNDA:0,_ZNSt12_Destroy_auxILb0EE9__destroyIPSt6vectorIiSaIiEEEEvT_S6_
FNDA:0,_ZNSt12_Destroy_auxILb1EE9__destroyIN9__gnu_cxx17__normal_iteratorIPiSt6vectorIiSaIiEEEEEEvT_S9_
FNDA:0,_ZNSt12_Destroy_auxILb1EE9__destroyIPiEEvT_S3_
FNDA:0,_ZSt8_DestroyIPSt6vectorIiSaIiEEEvT_S4_
FNDA:0,_ZSt8_DestroyIN9__gnu_cxx17__normal_iteratorIPiSt6vectorIiSaIiEEEEEvT_S7_
FNDA:0,_ZSt8_DestroyIPiEvT_S1_
FNDA:0,_ZSt8_DestroyIPSt6vectorIiSaIiEES2_EvT_S4_RSaIT0_E
FNDA:0,_ZSt8_DestroyIN9__gnu_cxx17__normal_iteratorIPiSt6vectorIiSaIiEEEEiEvT_S7_RSaIT0_E
FNDA:0,_ZSt8_DestroyIPiiEvT_S1_RSaIT0_E
FNF:12
FNH:1
DA:74,241304
DA:75,241304
DA:76,241304
DA:77,241304
DA:78,0
DA:79,0
DA:101,0
DA:102,0
DA:109,0
DA:111,0
DA:112,0
DA:113,0
DA:121,0
DA:131,0
DA:141,0
DA:142,0
DA:143,0
DA:153,0
DA:154,0
DA:155,0
DA:165,0
DA:166,0
DA:167,0
DA:177,0
DA:178,0
DA:243,0
DA:246,0
DA:247,0
DA:248,0
DA:251,0
DA:252,0
DA:253,0
DA:256,0
DA:257,0
DA:258,0
DA:261,0
DA:262,0
LF:37
LH:4
end_of_record
SF:/usr/include/c++/8/bits/stl_iterator.h
FN:783,_ZN9__gnu_cxx17__normal_iteratorIPKiSt6vectorIiSaIiEEEC2ERKS2_
FN:783,_ZN9__gnu_cxx17__normal_iteratorIPiSt6vectorIiSaIiEEEC2ERKS1_
FN:783,_ZN9__gnu_cxx17__normal_iteratorIPKSt6vectorIiSaIiEES1_IS3_SaIS3_EEEC2ERKS5_
FN:783,_ZN9__gnu_cxx17__normal_iteratorIPSt6vectorIiSaIiEES1_IS3_SaIS3_EEEC2ERKS4_
FN:796,_ZNK9__gnu_cxx17__normal_iteratorIPKSt6vectorIiSaIiEES1_IS3_SaIS3_EEEdeEv
FN:804,_ZN9__gnu_cxx17__normal_iteratorIPKSt6vectorIiSaIiEES1_IS3_SaIS3_EEEppEv
FN:848,_ZNK9__gnu_cxx17__normal_iteratorIPKSt6vectorIiSaIiEES1_IS3_SaIS3_EEE4baseEv
FN:848,_ZNK9__gnu_cxx17__normal_iteratorIPiSt6vectorIiSaIiEEE4baseEv
FN:848,_ZNK9__gnu_cxx17__normal_iteratorIPKiSt6vectorIiSaIiEEE4baseEv
FN:848,_ZNK9__gnu_cxx17__normal_iteratorIPSt6vectorIiSaIiEES1_IS3_SaIS3_EEE4baseEv
FN:884,_ZN9__gnu_cxxneIPKSt6vectorIiSaIiEES1_IS3_SaIS3_EEEEbRKNS_17__normal_iteratorIT_T0_EESD_
FN:966,_ZN9__gnu_cxxmiIPSt6vectorIiSaIiEES1_IS3_SaIS3_EEEENS_17__normal_iteratorIT_T0_E15difference_typeERKSA_SD_
FN:966,_ZN9__gnu_cxxmiIPiSt6vectorIiSaIiEEEENS_17__normal_iteratorIT_T0_E15difference_typeERKS8_SB_
FN:987,_ZSt12__niter_baseIPiSt6vectorIiSaIiEEET_N9__gnu_cxx17__normal_iteratorIS4_T0_EE
FN:987,_ZSt12__niter_baseIPKiSt6vectorIiSaIiEEET_N9__gnu_cxx17__normal_iteratorIS5_T0_EE
FN:1033,_ZNSt13move_iteratorIPSt6vectorIiSaIiEEEC2ES3_
FN:1033,_ZNSt13move_iteratorIPiEC2ES0_
FN:1042,_ZNKSt13move_iteratorIPiE4baseEv
FN:1042,_ZNKSt13move_iteratorIPSt6vectorIiSaIiEEE4baseEv
FN:1046,_ZNKSt13move_iteratorIPSt6vectorIiSaIiEEEdeEv
FN:1054,_ZNSt13move_iteratorIPSt6vectorIiSaIiEEEppEv
FN:1121,_ZSteqIPSt6vectorIiSaIiEEEbRKSt13move_iteratorIT_ES8_
FN:1133,_ZStneIPSt6vectorIiSaIiEEEbRKSt13move_iteratorIT_ES8_
FN:1218,_ZSt32__make_move_if_noexcept_iteratorIiSt13move_iteratorIPiEET0_PT_
FN:1218,_ZSt32__make_move_if_noexcept_iteratorISt6vectorIiSaIiEESt13move_iteratorIPS2_EET0_PT_
FN:1238,_ZSt12__miter_baseIPiEDTcl12__miter_basecldtfp_4baseEEESt13move_iteratorIT_E
FNDA:0,_ZN9__gnu_cxx17__normal_iteratorIPKSt6vectorIiSaIiEES1_IS3_SaIS3_EEEC2ERKS5_
FNDA:2152,_ZN9__gnu_cxx17__normal_iteratorIPSt6vectorIiSaIiEES1_IS3_SaIS3_EEEC2ERKS4_
FNDA:0,_ZN9__gnu_cxx17__normal_iteratorIPiSt6vectorIiSaIiEEEC2ERKS1_
FNDA:0,_ZN9__gnu_cxx17__normal_iteratorIPKiSt6vectorIiSaIiEEEC2ERKS2_
FNDA:0,_ZNK9__gnu_cxx17__normal_iteratorIPKSt6vectorIiSaIiEES1_IS3_SaIS3_EEEdeEv
FNDA:0,_ZN9__gnu_cxx17__normal_iteratorIPKSt6vectorIiSaIiEES1_IS3_SaIS3_EEEppEv
FNDA:0,_ZNK9__gnu_cxx17__normal_iteratorIPKSt6vectorIiSaIiEES1_IS3_SaIS3_EEE4baseEv
FNDA:0,_ZNK9__gnu_cxx17__normal_iteratorIPKiSt6vectorIiSaIiEEE4baseEv
FNDA:0,_ZNK9__gnu_cxx17__normal_iteratorIPiSt6vectorIiSaIiEEE4baseEv
FNDA:4304,_ZNK9__gnu_cxx17__normal_iteratorIPSt6vectorIiSaIiEES1_IS3_SaIS3_EEE4baseEv
FNDA:0,_ZN9__gnu_cxxneIPKSt6vectorIiSaIiEES1_IS3_SaIS3_EEEEbRKNS_17__normal_iteratorIT_T0_EESD_
FNDA:841973,_ZN9__gnu_cxxmiIPiSt6vectorIiSaIiEEEENS_17__normal_iteratorIT_T0_E15difference_typeERKS8_SB_
FNDA:1076,_ZN9__gnu_cxxmiIPSt6vectorIiSaIiEES1_IS3_SaIS3_EEEENS_17__normal_iteratorIT_T0_E15difference_typeERKSA_SD_
FNDA:0,_ZSt12__niter_baseIPiSt6vectorIiSaIiEEET_N9__gnu_cxx17__normal_iteratorIS4_T0_EE
FNDA:0,_ZSt12__niter_baseIPKiSt6vectorIiSaIiEEET_N9__gnu_cxx17__normal_iteratorIS5_T0_EE
FNDA:3367892,_ZNSt13move_iteratorIPiEC2ES0_
FNDA:4304,_ZNSt13move_iteratorIPSt6vectorIiSaIiEEEC2ES3_
FNDA:3367892,_ZNKSt13move_iteratorIPiE4baseEv
FNDA:486912,_ZNKSt13move_iteratorIPSt6vectorIiSaIiEEE4baseEv
FNDA:241304,_ZNKSt13move_iteratorIPSt6vectorIiSaIiEEEdeEv
FNDA:241304,_ZNSt13move_iteratorIPSt6vectorIiSaIiEEEppEv
FNDA:243456,_ZSteqIPSt6vectorIiSaIiEEEbRKSt13move_iteratorIT_ES8_
FNDA:243456,_ZStneIPSt6vectorIiSaIiEEEbRKSt13move_iteratorIT_ES8_
FNDA:3367892,_ZSt32__make_move_if_noexcept_iteratorIiSt13move_iteratorIPiEET0_PT_
FNDA:4304,_ZSt32__make_move_if_noexcept_iteratorISt6vectorIiSaIiEESt13move_iteratorIPS2_EET0_PT_
FNDA:3367892,_ZSt12__miter_baseIPiEDTcl12__miter_basecldtfp_4baseEEESt13move_iteratorIT_E
FNF:26
FNH:15
DA:783,2152
DA:784,2152
DA:785,0
DA:786,0
DA:787,2152
DA:788,2152
DA:789,0
DA:790,0
DA:791,0
DA:792,0
DA:804,0
DA:805,0
DA:812,0
DA:814,0
DA:815,0
DA:856,4304
DA:857,4304
DA:858,0
DA:859,0
DA:860,0
DA:861,0
DA:862,0
DA:863,0
DA:864,4304
DA:865,4304
DA:900,0
DA:903,0
DA:982,843049
DA:985,843049
DA:986,841973
DA:989,841973
DA:990,1076
DA:993,1076
DA:1011,0
DA:1012,0
DA:1013,0
DA:1014,0
DA:1015,0
DA:1016,0
DA:1061,3372196
DA:1062,3372196
DA:1063,3367892
DA:1064,3367892
DA:1065,4304
DA:1066,4304
DA:1074,3854804
DA:1075,3854804
DA:1076,3367892
DA:1077,3367892
DA:1078,486912
DA:1079,486912
DA:1082,241304
DA:1083,241304
DA:1090,241304
DA:1092,241304
DA:1093,241304
DA:1157,243456
DA:1159,243456
DA:1169,243456
DA:1171,243456
DA:1254,3372196
DA:1255,3372196
DA:1256,3367892
DA:1257,3367892
DA:1258,4304
DA:1259,4304
DA:1278,3367892
DA:1280,3367892
LF:68
LH:43
end_of_record
SF:/usr/include/c++/8/bits/stl_iterator_base_funcs.h
FN:98,_ZSt10__distanceIPcENSt15iterator_traitsIT_E15difference_typeES2_S2_St26random_access_iterator_tag
FN:98,_ZSt10__distanceIPKcENSt15iterator_traitsIT_E15difference_typeES3_S3_St26random_access_iterator_tag
FNDA:0,_ZSt10__distanceIPcENSt15iterator_traitsIT_E15difference_typeES2_S2_St26random_access_iterator_tag
FNDA:0,_ZSt10__distanceIPKcENSt15iterator_traitsIT_E15difference_typeES3_S3_St26random_access_iterator_tag
FNF:2
FNH:0
DA:98,0
DA:104,0
DA:106,0
DA:112,0
DA:114,0
DA:120,0
DA:154,0
DA:157,0
DA:158,0
LF:9
LH:0
end_of_record
SF:/usr/include/c++/8/bits/stl_iterator_base_types.h
FN:205,_ZSt19__iterator_categoryIPKcENSt15iterator_traitsIT_E17iterator_categoryERKS3_
FN:205,_ZSt19__iterator_categoryIPcENSt15iterator_traitsIT_E17iterator_categoryERKS2_
FNDA:0,_ZSt19__iterator_categoryIPcENSt15iterator_traitsIT_E17iterator_categoryERKS2_
FNDA:0,_ZSt19__iterator_categoryIPKcENSt15iterator_traitsIT_E17iterator_categoryERKS3_
FNF:2
FNH:0
DA:205,0
DA:206,0
DA:207,0
DA:208,0
DA:209,0
DA:210,0
LF:6
LH:0
end_of_record
SF:/usr/include/c++/8/bits/stl_uninitialized.h
FN:76,_ZNSt20__uninitialized_copyILb0EE13__uninit_copyIN9__gnu_cxx17__normal_iteratorIPKSt6vectorIiSaIiEES4_IS6_SaIS6_EEEEPS6_EET0_T_SE_SD_
FN:76,_ZNSt20__uninitialized_copyILb0EE13__uninit_copyISt13move_iteratorIPSt6vectorIiSaIiEEES6_EET0_T_S9_S8_
FN:99,_ZNSt20__uninitialized_copyILb1EE13__uninit_copyIPiS2_EET0_T_S4_S3_
[...]
FN:206,_ZNSt7__cxx1112basic_stringIcSt11char_traitsIcESaIcEE12_M_constructIPcEEvT_S7_St20forward_iterator_tag
FN:206,_ZNSt7__cxx1112basic_stringIcSt11char_traitsIcESaIcEE12_M_constructIPKcEEvT_S8_St20forward_iterator_tag
FNDA:0,_ZNSt7__cxx1112basic_stringIcSt11char_traitsIcESaIcEE12_M_constructIPcEEvT_S7_St20forward_iterator_tag
FNDA:0,_ZNSt7__cxx1112basic_stringIcSt11char_traitsIcESaIcEE12_M_constructIPKcEEvT_S8_St20forward_iterator_tag
FNF:2
FNH:0
DA:206,0
DA:211,0
DA:212,0
DA:215,0
DA:217,0
DA:219,0
DA:220,0
DA:225,0
DA:226,0
DA:228,0
DA:229,0
DA:232,0
DA:233,0
DA:234,0
DA:239,0
DA:240,0
DA:243,0
DA:245,0
DA:247,0
DA:248,0
DA:253,0
DA:254,0
DA:256,0
DA:257,0
DA:260,0
DA:261,0
DA:262,0
DA:267,0
DA:268,0
DA:271,0
DA:273,0
DA:275,0
DA:276,0
DA:281,0
DA:282,0
DA:284,0
DA:285,0
DA:288,0
DA:289,0
LF:39
LH:0
end_of_record
SF:/usr/include/c++/8/bits/char_traits.h
FN:314,_ZNSt11char_traitsIcE6lengthEPKc
FNDA:0,_ZNSt11char_traitsIcE6lengthEPKc
FNF:1
FNH:0
DA:314,0
DA:320,0
LF:2
LH:0
end_of_record
SF:/usr/include/c++/8/bits/cpp_type_traits.h
FN:419,_ZSt12__miter_baseIN9__gnu_cxx17__normal_iteratorIPKiSt6vectorIiSaIiEEEEET_S8_
FN:419,_ZSt12__miter_baseIPKiET_S2_
FNDA:0,_ZSt12__miter_baseIN9__gnu_cxx17__normal_iteratorIPKiSt6vectorIiSaIiEEEEET_S8_
FNDA:0,_ZSt12__miter_baseIPKiET_S2_
FNF:2
FNH:0
DA:419,0
DA:420,0
DA:421,0
DA:422,0
DA:423,0
DA:424,0
LF:6
LH:0
end_of_record
SF:/usr/include/c++/8/bits/ios_base.h
FN:129,_ZStorSt13_Ios_OpenmodeS_
FNDA:0,_ZStorSt13_Ios_OpenmodeS_
FNF:1
FNH:0
DA:129,0
DA:130,0
LF:2
LH:0
end_of_record
SF:/usr/include/c++/8/bits/move.h
FN:47,_ZSt11__addressofISt6vectorIiSaIiEEEPT_RS3_
FN:74,_ZSt7forwardIRKSt6vectorIiSaIiEEEOT_RNSt16remove_referenceIS5_E4typeE
FN:99,_ZSt4moveIRSaIcEEONSt16remove_referenceIT_E4typeEOS3_
FNDA:0,_ZSt11__addressofISt6vectorIiSaIiEEEPT_RS3_
FNDA:0,_ZSt7forwardIRKSt6vectorIiSaIiEEEOT_RNSt16remove_referenceIS5_E4typeE
FNDA:0,_ZSt4moveIRSaIcEEONSt16remove_referenceIT_E4typeEOS3_
FNF:3
FNH:0
DA:47,0
DA:48,0
DA:74,0
DA:75,0
DA:99,0
DA:100,0
LF:6
LH:0
end_of_record
SF:/usr/include/c++/8/bits/stl_algobase.h
FN:277,_ZSt12__niter_baseIPKiET_S2_
FN:277,_ZSt12__niter_baseIPiET_S1_
FN:357,_ZNSt11__copy_moveILb0ELb1ESt26random_access_iterator_tagE8__copy_mIiEEPT_PKS3_S6_S4_
FN:375,_ZSt13__copy_move_aILb0EPKiPiET1_T0_S4_S3_
FN:420,_ZSt14__copy_move_a2ILb0EPKiPiET1_T0_S4_S3_
FN:420,_ZSt14__copy_move_a2ILb0EN9__gnu_cxx17__normal_iteratorIPKiSt6vectorIiSaIiEEEEPiET1_T0_SA_S9_
FNDA:0,_ZSt12__niter_baseIPiET_S1_
FNDA:0,_ZSt12__niter_baseIPKiET_S2_
FNDA:0,_ZNSt11__copy_moveILb0ELb1ESt26random_access_iterator_tagE8__copy_mIiEEPT_PKS3_S6_S4_
FNDA:0,_ZSt13__copy_move_aILb0EPKiPiET1_T0_S4_S3_
FNDA:0,_ZSt14__copy_move_a2ILb0EN9__gnu_cxx17__normal_iteratorIPKiSt6vectorIiSaIiEEEEPiET1_T0_SA_S9_
FNDA:0,_ZSt14__copy_move_a2ILb0EPKiPiET1_T0_S4_S3_
FNF:6
FNH:0
DA:277,0
DA:278,0
DA:279,0
DA:280,0
DA:281,0
DA:282,0
DA:361,0
DA:370,0
DA:371,0
DA:372,0
DA:373,0
DA:379,0
DA:384,0
DA:390,0
DA:424,0
DA:426,0
DA:428,0
DA:430,0
DA:432,0
DA:434,0
DA:436,0
DA:438,0
DA:440,0
DA:462,0
DA:471,0
DA:472,0
LF:26
LH:0
end_of_record
SF:/usr/include/c++/8/bits/stl_construct.h
FN:74,_ZSt10_ConstructISt6vectorIiSaIiEEJRKS2_EEvPT_DpOT0_
FN:97,_ZSt8_DestroyISt6vectorIiSaIiEEEvPT_
FN:105,_ZNSt12_Destroy_auxILb0EE9__destroyIPSt6vectorIiSaIiEEEEvT_S6_
FN:117,_ZNSt12_Destroy_auxILb1EE9__destroyIPiEEvT_S3_
FN:127,_ZSt8_DestroyIPSt6vectorIiSaIiEEEvT_S4_
FN:127,_ZSt8_DestroyIPiEvT_S1_
FN:203,_ZSt8_DestroyIPSt6vectorIiSaIiEES2_EvT_S4_RSaIT0_E
FN:203,_ZSt8_DestroyIPiiEvT_S1_RSaIT0_E
FNDA:0,_ZSt10_ConstructISt6vectorIiSaIiEEJRKS2_EEvPT_DpOT0_
FNDA:0,_ZSt8_DestroyISt6vectorIiSaIiEEEvPT_
FNDA:0,_ZNSt12_Destroy_auxILb0EE9__destroyIPSt6vectorIiSaIiEEEEvT_S6_
FNDA:0,_ZNSt12_Destroy_auxILb1EE9__destroyIPiEEvT_S3_
FNDA:0,_ZSt8_DestroyIPSt6vectorIiSaIiEEEvT_S4_
FNDA:0,_ZSt8_DestroyIPiEvT_S1_
FNDA:0,_ZSt8_DestroyIPSt6vectorIiSaIiEES2_EvT_S4_RSaIT0_E
FNDA:0,_ZSt8_DestroyIPiiEvT_S1_RSaIT0_E
FNF:8
FNH:0
DA:74,0
DA:75,0
DA:97,0
DA:98,0
DA:105,0
DA:107,0
DA:108,0
DA:109,0
DA:117,0
DA:127,0
DA:137,0
DA:138,0
DA:139,0
DA:149,0
DA:150,0
DA:151,0
DA:161,0
DA:162,0
DA:227,0
DA:230,0
DA:231,0
DA:232,0
DA:235,0
DA:236,0
DA:237,0
DA:240,0
DA:241,0
LF:27
LH:0
end_of_record
SF:/usr/include/c++/8/bits/stl_iterator.h
FN:783,_ZN9__gnu_cxx17__normal_iteratorIPKSt6vectorIiSaIiEES1_IS3_SaIS3_EEEC2ERKS5_
FN:783,_ZN9__gnu_cxx17__normal_iteratorIPKiSt6vectorIiSaIiEEEC2ERKS2_
FN:796,_ZNK9__gnu_cxx17__normal_iteratorIPKSt6vectorIiSaIiEES1_IS3_SaIS3_EEEdeEv
FN:804,_ZN9__gnu_cxx17__normal_iteratorIPKSt6vectorIiSaIiEES1_IS3_SaIS3_EEEppEv
FN:848,_ZNK9__gnu_cxx17__normal_iteratorIPKSt6vectorIiSaIiEES1_IS3_SaIS3_EEE4baseEv
FN:848,_ZNK9__gnu_cxx17__normal_iteratorIPKiSt6vectorIiSaIiEEE4baseEv
FN:884,_ZN9__gnu_cxxneIPKSt6vectorIiSaIiEES1_IS3_SaIS3_EEEEbRKNS_17__normal_iteratorIT_T0_EESD_
FN:987,_ZSt12__niter_baseIPKiSt6vectorIiSaIiEEET_N9__gnu_cxx17__normal_iteratorIS5_T0_EE
FNDA:0,_ZN9__gnu_cxx17__normal_iteratorIPKiSt6vectorIiSaIiEEEC2ERKS2_
FNDA:0,_ZN9__gnu_cxx17__normal_iteratorIPKSt6vectorIiSaIiEES1_IS3_SaIS3_EEEC2ERKS5_
FNDA:0,_ZNK9__gnu_cxx17__normal_iteratorIPKSt6vectorIiSaIiEES1_IS3_SaIS3_EEEdeEv
FNDA:0,_ZN9__gnu_cxx17__normal_iteratorIPKSt6vectorIiSaIiEES1_IS3_SaIS3_EEEppEv
FNDA:0,_ZNK9__gnu_cxx17__normal_iteratorIPKiSt6vectorIiSaIiEEE4baseEv
FNDA:0,_ZNK9__gnu_cxx17__normal_iteratorIPKSt6vectorIiSaIiEES1_IS3_SaIS3_EEE4baseEv
FNDA:0,_ZN9__gnu_cxxneIPKSt6vectorIiSaIiEES1_IS3_SaIS3_EEEEbRKNS_17__normal_iteratorIT_T0_EESD_
FNDA:0,_ZSt12__niter_baseIPKiSt6vectorIiSaIiEEET_N9__gnu_cxx17__normal_iteratorIS5_T0_EE
FNF:8
FNH:0
DA:783,0
DA:784,0
DA:785,0
DA:786,0
DA:787,0
DA:788,0
DA:800,0
DA:801,0
DA:808,0
DA:810,0
DA:811,0
DA:852,0
DA:853,0
DA:854,0
DA:855,0
DA:856,0
DA:857,0
DA:892,0
DA:895,0
DA:995,0
DA:996,0
LF:21
LH:0
end_of_record
SF:/usr/include/c++/8/bits/stl_iterator_base_funcs.h
FN:98,_ZSt10__distanceIPcENSt15iterator_traitsIT_E15difference_typeES2_S2_St26random_access_iterator_tag
FN:98,_ZSt10__distanceIPKiENSt15iterator_traitsIT_E15difference_typeES3_S3_St26random_access_iterator_tag
FN:98,_ZSt10__distanceIPKSt6vectorIiSaIiEEENSt15iterator_traitsIT_E15difference_typeES6_S6_St26random_access_iterator_tag
FN:98,_ZSt10__distanceIPKcENSt15iterator_traitsIT_E15difference_typeES3_S3_St26random_access_iterator_tag
FNDA:0,_ZSt10__distanceIPcENSt15iterator_traitsIT_E15difference_typeES2_S2_St26random_access_iterator_tag
FNDA:0,_ZSt10__distanceIPKcENSt15iterator_traitsIT_E15difference_typeES3_S3_St26random_access_iterator_tag
FNDA:0,_ZSt10__distanceIPKSt6vectorIiSaIiEEENSt15iterator_traitsIT_E15difference_typeES6_S6_St26random_access_iterator_tag
FNDA:0,_ZSt10__distanceIPKiENSt15iterator_traitsIT_E15difference_typeES3_S3_St26random_access_iterator_tag
FNF:4
FNH:0
DA:98,0
DA:104,0
DA:106,0
DA:112,0
DA:114,0
DA:120,0
DA:122,0
DA:128,0
DA:130,0
DA:136,0
DA:170,0
DA:173,0
DA:174,0
LF:13
LH:0
end_of_record
SF:/usr/include/c++/8/bits/stl_iterator_base_types.h
FN:205,_ZSt19__iterator_categoryIPKiENSt15iterator_traitsIT_E17iterator_categoryERKS3_
FN:205,_ZSt19__iterator_categoryIPKSt6vectorIiSaIiEEENSt15iterator_traitsIT_E17iterator_categoryERKS6_
FN:205,_ZSt19__iterator_categoryIPcENSt15iterator_traitsIT_E17iterator_categoryERKS2_
FN:205,_ZSt19__iterator_categoryIPKcENSt15iterator_traitsIT_E17iterator_categoryERKS3_
FNDA:0,_ZSt19__iterator_categoryIPcENSt15iterator_traitsIT_E17iterator_categoryERKS2_
FNDA:0,_ZSt19__iterator_categoryIPKcENSt15iterator_traitsIT_E17iterator_categoryERKS3_
FNDA:0,_ZSt19__iterator_categoryIPKSt6vectorIiSaIiEEENSt15iterator_traitsIT_E17iterator_categoryERKS6_
FNDA:0,_ZSt19__iterator_categoryIPKiENSt15iterator_traitsIT_E17iterator_categoryERKS3_
FNF:4
FNH:0
DA:205,0
DA:206,0
DA:207,0
DA:208,0
DA:209,0
DA:210,0
DA:211,0
DA:212,0
DA:213,0
DA:214,0
LF:10
LH:0
end_of_record
SF:/usr/include/c++/8/bits/stl_uninitialized.h
FN:76,_ZNSt20__uninitialized_copyILb0EE13__uninit_copyIPKSt6vectorIiSaIiEEPS4_EET0_T_S9_S8_
FN:76,_ZNSt20__uninitialized_copyILb0EE13__uninit_copyIN9__gnu_cxx17__normal_iteratorIPKSt6vectorIiSaIiEES4_IS6_SaIS6_EEEEPS6_EET0_T_SE_SD_
FN:99,_ZNSt20__uninitialized_copyILb1EE13__uninit_copyIPKiPiEET0_T_S6_S5_
FN:99,_ZNSt20__uninitialized_copyILb1EE13__uninit_copyIN9__gnu_cxx17__normal_iteratorIPKiSt6vectorIiSaIiEEEEPiEET0_T_SC_SB_
FN:115,_ZSt18uninitialized_copyIPKSt6vectorIiSaIiEEPS2_ET0_T_S7_S6_
FN:115,_ZSt18uninitialized_copyIN9__gnu_cxx17__normal_iteratorIPKSt6vectorIiSaIiEES2_IS4_SaIS4_EEEEPS4_ET0_T_SC_SB_
FN:115,_ZSt18uninitialized_copyIPKiPiET0_T_S4_S3_
FN:115,_ZSt18uninitialized_copyIN9__gnu_cxx17__normal_iteratorIPKiSt6vectorIiSaIiEEEEPiET0_T_SA_S9_
FN:287,_ZSt22__uninitialized_copy_aIN9__gnu_cxx17__normal_iteratorIPKiSt6vectorIiSaIiEEEEPiiET0_T_SA_S9_RSaIT1_E
FN:287,_ZSt22__uninitialized_copy_aIPKiPiiET0_T_S4_S3_RSaIT1_E
FN:287,_ZSt22__uninitialized_copy_aIPKSt6vectorIiSaIiEEPS2_S2_ET0_T_S7_S6_RSaIT1_E
FN:287,_ZSt22__uninitialized_copy_aIN9__gnu_cxx17__normal_iteratorIPKSt6vectorIiSaIiEES2_IS4_SaIS4_EEEEPS4_S4_ET0_T_SC_SB_RSaIT1_E
FNDA:0,_ZNSt20__uninitialized_copyILb0EE13__uninit_copyIPKSt6vectorIiSaIiEEPS4_EET0_T_S9_S8_
FNDA:0,_ZNSt20__uninitialized_copyILb0EE13__uninit_copyIN9__gnu_cxx17__normal_iteratorIPKSt6vectorIiSaIiEES4_IS6_SaIS6_EEEEPS6_EET0_T_SE_SD_
FNDA:0,_ZNSt20__uninitialized_copyILb1EE13__uninit_copyIN9__gnu_cxx17__normal_iteratorIPKiSt6vectorIiSaIiEEEEPiEET0_T_SC_SB_
FNDA:0,_ZNSt20__uninitialized_copyILb1EE13__uninit_copyIPKiPiEET0_T_S6_S5_
FNDA:0,_ZSt18uninitialized_copyIN9__gnu_cxx17__normal_iteratorIPKiSt6vectorIiSaIiEEEEPiET0_T_SA_S9_
FNDA:0,_ZSt18uninitialized_copyIPKSt6vectorIiSaIiEEPS2_ET0_T_S7_S6_
FNDA:0,_ZSt18uninitialized_copyIPKiPiET0_T_S4_S3_
FNDA:0,_ZSt18uninitialized_copyIN9__gnu_cxx17__normal_iteratorIPKSt6vectorIiSaIiEES2_IS4_SaIS4_EEEEPS4_ET0_T_SC_SB_
FNDA:0,_ZSt22__uninitialized_copy_aIN9__gnu_cxx17__normal_iteratorIPKiSt6vectorIiSaIiEEEEPiiET0_T_SA_S9_RSaIT1_E
FNDA:0,_ZSt22__uninitialized_copy_aIPKSt6vectorIiSaIiEEPS2_S2_ET0_T_S7_S6_RSaIT1_E
FNDA:0,_ZSt22__uninitialized_copy_aIPKiPiiET0_T_S4_S3_RSaIT1_E
FNDA:0,_ZSt22__uninitialized_copy_aIN9__gnu_cxx17__normal_iteratorIPKSt6vectorIiSaIiEES2_IS4_SaIS4_EEEEPS4_S4_ET0_T_SC_SB_RSaIT1_E
FNF:12
FNH:0
DA:76,0
DA:79,0
DA:82,0
DA:83,0
DA:84,0
DA:86,0
DA:88,0
DA:89,0
DA:92,0
DA:95,0
DA:98,0
DA:99,0
DA:100,0
DA:102,0
DA:104,0
DA:105,0
DA:108,0
DA:111,0
DA:114,0
DA:115,0
DA:116,0
DA:118,0
DA:120,0
DA:121,0
DA:131,0
DA:133,0
DA:134,0
DA:136,0
DA:137,0
DA:139,0
DA:153,0
DA:166,0
DA:172,0
DA:174,0
DA:187,0
DA:193,0
DA:195,0
DA:208,0
DA:214,0
DA:216,0
DA:229,0
DA:235,0
DA:237,0
DA:250,0
DA:256,0
DA:409,0
DA:411,0
DA:412,0
DA:414,0
DA:415,0
DA:417,0
DA:418,0
DA:420,0
DA:421,0
DA:423,0
LF:55
LH:0
end_of_record
SF:/usr/include/c++/8/bits/stl_vector.h
FN:95,_ZNSt12_Vector_baseISt6vectorIiSaIiEESaIS2_EE12_Vector_implC2Ev
FN:99,_ZNSt12_Vector_baseIiSaIiEE12_Vector_implC2ERKS0_
FN:99,_ZNSt12_Vector_baseISt6vectorIiSaIiEESaIS2_EE12_Vector_implC2ERKS3_
FN:237,_ZNSt12_Vector_baseIiSaIiEE19_M_get_Tp_allocatorEv
FN:237,_ZNSt12_Vector_baseISt6vectorIiSaIiEESaIS2_EE19_M_get_Tp_allocatorEv
FN:241,_ZNKSt12_Vector_baseISt6vectorIiSaIiEESaIS2_EE19_M_get_Tp_allocatorEv
FN:241,_ZNKSt12_Vector_baseIiSaIiEE19_M_get_Tp_allocatorEv
FN:248,_ZNSt12_Vector_baseISt6vectorIiSaIiEESaIS2_EEC2Ev
FN:251,_ZNSt12_Vector_baseISt6vectorIiSaIiEESaIS2_EEC2ERKS3_
FN:251,_ZNSt12_Vector_baseIiSaIiEEC2ERKS0_
FN:258,_ZNSt12_Vector_baseISt6vectorIiSaIiEESaIS2_EEC2EmRKS3_
FN:258,_ZNSt12_Vector_baseIiSaIiEEC2EmRKS0_
FN:283,_ZNSt12_Vector_baseIiSaIiEED2Ev
FN:283,_ZNSt12_Vector_baseISt6vectorIiSaIiEESaIS2_EED2Ev
FN:293,_ZNSt12_Vector_baseIiSaIiEE11_M_allocateEm
FN:293,_ZNSt12_Vector_baseISt6vectorIiSaIiEESaIS2_EE11_M_allocateEm
FN:300,_ZNSt12_Vector_baseISt6vectorIiSaIiEESaIS2_EE13_M_deallocateEPS2_m
FN:300,_ZNSt12_Vector_baseIiSaIiEE13_M_deallocateEPim
FN:309,_ZNSt12_Vector_baseISt6vectorIiSaIiEESaIS2_EE17_M_create_storageEm
FN:309,_ZNSt12_Vector_baseIiSaIiEE17_M_create_storageEm
FN:391,_ZNSt6vectorIS_IiSaIiEESaIS1_EEC2Ev
FN:458,_ZNSt6vectorIiSaIiEEC2ERKS1_
FN:458,_ZNSt6vectorIS_IiSaIiEESaIS1_EEC2ERKS3_
FN:515,_ZNSt6vectorIiSaIiEEC2ESt16initializer_listIiERKS0_
FN:515,_ZNSt6vectorIS_IiSaIiEESaIS1_EEC2ESt16initializer_listIS1_ERKS2_
FN:565,_ZNSt6vectorIS_IiSaIiEESaIS1_EED2Ev
FN:565,_ZNSt6vectorIiSaIiEED2Ev
FN:707,_ZNKSt6vectorIS_IiSaIiEESaIS1_EE5beginEv
FN:707,_ZNKSt6vectorIiSaIiEE5beginEv
FN:725,_ZNKSt6vectorIS_IiSaIiEESaIS1_EE3endEv
FN:725,_ZNKSt6vectorIiSaIiEE3endEv
FN:805,_ZNKSt6vectorIS_IiSaIiEESaIS1_EE4sizeEv
FN:805,_ZNKSt6vectorIiSaIiEE4sizeEv
FN:1462,_ZNSt6vectorIiSaIiEE19_M_range_initializeIPKiEEvT_S5_St20forward_iterator_tag
FN:1462,_ZNSt6vectorIS_IiSaIiEESaIS1_EE19_M_range_initializeIPKS1_EEvT_S7_St20forward_iterator_tag
FNDA:0,_ZNSt12_Vector_baseISt6vectorIiSaIiEESaIS2_EE12_Vector_implC2Ev
FNDA:0,_ZNSt12_Vector_baseISt6vectorIiSaIiEESaIS2_EE12_Vector_implC2ERKS3_
FNDA:0,_ZNSt12_Vector_baseIiSaIiEE12_Vector_implC2ERKS0_
FNDA:0,_ZNSt12_Vector_baseISt6vectorIiSaIiEESaIS2_EE19_M_get_Tp_allocatorEv
FNDA:0,_ZNSt12_Vector_baseIiSaIiEE19_M_get_Tp_allocatorEv
FNDA:0,_ZNKSt12_Vector_baseIiSaIiEE19_M_get_Tp_allocatorEv
FNDA:0,_ZNKSt12_Vector_baseISt6vectorIiSaIiEESaIS2_EE19_M_get_Tp_allocatorEv
FNDA:0,_ZNSt12_Vector_baseISt6vectorIiSaIiEESaIS2_EEC2Ev
FNDA:0,_ZNSt12_Vector_baseISt6vectorIiSaIiEESaIS2_EEC2ERKS3_
FNDA:0,_ZNSt12_Vector_baseIiSaIiEEC2ERKS0_
FNDA:0,_ZNSt12_Vector_baseIiSaIiEEC2EmRKS0_
FNDA:0,_ZNSt12_Vector_baseISt6vectorIiSaIiEESaIS2_EEC2EmRKS3_
FNDA:0,_ZNSt12_Vector_baseISt6vectorIiSaIiEESaIS2_EED2Ev
FNDA:0,_ZNSt12_Vector_baseIiSaIiEED2Ev
FNDA:0,_ZNSt12_Vector_baseISt6vectorIiSaIiEESaIS2_EE11_M_allocateEm
FNDA:0,_ZNSt12_Vector_baseIiSaIiEE11_M_allocateEm
FNDA:0,_ZNSt12_Vector_baseISt6vectorIiSaIiEESaIS2_EE13_M_deallocateEPS2_m
FNDA:0,_ZNSt12_Vector_baseIiSaIiEE13_M_deallocateEPim
FNDA:0,_ZNSt12_Vector_baseIiSaIiEE17_M_create_storageEm
FNDA:0,_ZNSt12_Vector_baseISt6vectorIiSaIiEESaIS2_EE17_M_create_storageEm
FNDA:0,_ZNSt6vectorIS_IiSaIiEESaIS1_EEC2Ev
FNDA:0,_ZNSt6vectorIiSaIiEEC2ERKS1_
FNDA:0,_ZNSt6vectorIS_IiSaIiEESaIS1_EEC2ERKS3_
FNDA:0,_ZNSt6vectorIS_IiSaIiEESaIS1_EEC2ESt16initializer_listIS1_ERKS2_
FNDA:0,_ZNSt6vectorIiSaIiEEC2ESt16initializer_listIiERKS0_
FNDA:0,_ZNSt6vectorIS_IiSaIiEESaIS1_EED2Ev
FNDA:0,_ZNSt6vectorIiSaIiEED2Ev
FNDA:0,_ZNKSt6vectorIiSaIiEE5beginEv
FNDA:0,_ZNKSt6vectorIS_IiSaIiEESaIS1_EE5beginEv
FNDA:0,_ZNKSt6vectorIiSaIiEE3endEv
FNDA:0,_ZNKSt6vectorIS_IiSaIiEESaIS1_EE3endEv
FNDA:0,_ZNKSt6vectorIiSaIiEE4sizeEv
FNDA:0,_ZNKSt6vectorIS_IiSaIiEESaIS1_EE4sizeEv
FNDA:0,_ZNSt6vectorIS_IiSaIiEESaIS1_EE19_M_range_initializeIPKS1_EEvT_S7_St20forward_iterator_tag
FNDA:0,_ZNSt6vectorIiSaIiEE19_M_range_initializeIPKiEEvT_S5_St20forward_iterator_tag
FNF:35
FNH:0
DA:95,0
DA:96,0
DA:97,0
DA:99,0
DA:100,0
DA:101,0
DA:102,0
DA:103,0
DA:104,0
DA:105,0
DA:106,0
DA:107,0
DA:243,0
DA:244,0
DA:245,0
DA:246,0
DA:247,0
DA:248,0
DA:251,0
DA:252,0
DA:253,0
DA:254,0
DA:255,0
DA:256,0
DA:262,0
DA:263,0
DA:265,0
DA:266,0
DA:267,0
DA:268,0
DA:269,0
DA:270,0
DA:276,0
DA:277,0
DA:278,0
DA:279,0
DA:280,0
DA:281,0
DA:282,0
DA:283,0
DA:284,0
DA:307,0
DA:309,0
DA:310,0
DA:311,0
DA:312,0
DA:314,0
DA:315,0
DA:316,0
DA:317,0
DA:319,0
DA:320,0
DA:321,0
DA:327,0
DA:330,0
DA:332,0
DA:335,0
DA:337,0
DA:340,0
DA:344,0
DA:347,0
DA:348,0
DA:349,0
DA:350,0
DA:353,0
DA:354,0
DA:355,0
DA:356,0
DA:359,0
DA:360,0
DA:361,0
DA:365,0
DA:367,0
DA:368,0
DA:369,0
DA:370,0
DA:371,0
DA:373,0
DA:374,0
DA:375,0
DA:376,0
DA:377,0
DA:379,0
DA:380,0
DA:381,0
DA:382,0
DA:459,0
DA:463,0
DA:526,0
DA:528,0
DA:530,0
DA:531,0
DA:533,0
DA:534,0
DA:535,0
DA:537,0
DA:539,0
DA:540,0
DA:542,0
DA:543,0
DA:544,0
DA:546,0
DA:548,0
DA:549,0
DA:551,0
DA:552,0
DA:601,0
DA:603,0
DA:605,0
DA:607,0
DA:608,0
DA:610,0
DA:612,0
DA:614,0
DA:615,0
DA:617,0
DA:619,0
DA:621,0
DA:665,0
DA:667,0
DA:668,0
DA:670,0
DA:671,0
DA:673,0
DA:674,0
DA:676,0
DA:677,0
DA:679,0
DA:680,0
DA:682,0
DA:819,0
DA:820,0
DA:821,0
DA:822,0
DA:823,0
DA:824,0
DA:841,0
DA:842,0
DA:843,0
DA:844,0
DA:845,0
DA:846,0
DA:925,0
DA:926,0
DA:927,0
DA:928,0
DA:929,0
DA:930,0
DA:1586,0
DA:1589,0
DA:1590,0
DA:1591,0
DA:1592,0
DA:1593,0
DA:1595,0
DA:1596,0
DA:1597,0
DA:1600,0
DA:1601,0
DA:1602,0
DA:1603,0
DA:1604,0
DA:1606,0
DA:1607,0
DA:1608,0
DA:1611,0
DA:1612,0
DA:1613,0
DA:1614,0
DA:1615,0
DA:1617,0
DA:1618,0
LF:172
LH:0
end_of_record
SF:/usr/include/c++/8/ext/alloc_traits.h
FN:94,_ZN9__gnu_cxx14__alloc_traitsISaIcEcE17_S_select_on_copyERKS1_
FN:94,_ZN9__gnu_cxx14__alloc_traitsISaISt6vectorIiSaIiEEES3_E17_S_select_on_copyERKS4_
FN:94,_ZN9__gnu_cxx14__alloc_traitsISaIiEiE17_S_select_on_copyERKS1_
FNDA:0,_ZN9__gnu_cxx14__alloc_traitsISaIiEiE17_S_select_on_copyERKS1_
FNDA:0,_ZN9__gnu_cxx14__alloc_traitsISaISt6vectorIiSaIiEEES3_E17_S_select_on_copyERKS4_
FNDA:0,_ZN9__gnu_cxx14__alloc_traitsISaIcEcE17_S_select_on_copyERKS1_
FNF:3
FNH:0
DA:94,0
DA:95,0
DA:96,0
DA:97,0
DA:98,0
DA:99,0
DA:100,0
DA:101,0
LF:8
LH:0
end_of_record
SF:/usr/include/c++/8/ext/new_allocator.h
FN:79,_ZN9__gnu_cxx13new_allocatorIcEC2Ev
FN:79,_ZN9__gnu_cxx13new_allocatorIiEC2Ev
FN:79,_ZN9__gnu_cxx13new_allocatorISt6vectorIiSaIiEEEC2Ev
FN:81,_ZN9__gnu_cxx13new_allocatorIiEC2ERKS1_
FN:81,_ZN9__gnu_cxx13new_allocatorISt6vectorIiSaIiEEEC2ERKS4_
FN:81,_ZN9__gnu_cxx13new_allocatorIcEC2ERKS1_
FN:86,_ZN9__gnu_cxx13new_allocatorIcED2Ev
FN:86,_ZN9__gnu_cxx13new_allocatorISt6vectorIiSaIiEEED2Ev
FN:86,_ZN9__gnu_cxx13new_allocatorIiED2Ev
FN:99,_ZN9__gnu_cxx13new_allocatorISt6vectorIiSaIiEEE8allocateEmPKv
FN:99,_ZN9__gnu_cxx13new_allocatorIiE8allocateEmPKv
FN:116,_ZN9__gnu_cxx13new_allocatorISt6vectorIiSaIiEEE10deallocateEPS3_m
FN:116,_ZN9__gnu_cxx13new_allocatorIiE10deallocateEPim
FN:129,_ZNK9__gnu_cxx13new_allocatorIiE8max_sizeEv
FN:129,_ZNK9__gnu_cxx13new_allocatorISt6vectorIiSaIiEEE8max_sizeEv
FNDA:0,_ZN9__gnu_cxx13new_allocatorISt6vectorIiSaIiEEEC2Ev
FNDA:0,_ZN9__gnu_cxx13new_allocatorIiEC2Ev
FNDA:0,_ZN9__gnu_cxx13new_allocatorIcEC2Ev
FNDA:0,_ZN9__gnu_cxx13new_allocatorIiEC2ERKS1_
FNDA:0,_ZN9__gnu_cxx13new_allocatorISt6vectorIiSaIiEEEC2ERKS4_
FNDA:0,_ZN9__gnu_cxx13new_allocatorIcEC2ERKS1_
FNDA:0,_ZN9__gnu_cxx13new_allocatorISt6vectorIiSaIiEEED2Ev
FNDA:0,_ZN9__gnu_cxx13new_allocatorIiED2Ev
FNDA:0,_ZN9__gnu_cxx13new_allocatorIcED2Ev
FNDA:0,_ZN9__gnu_cxx13new_allocatorISt6vectorIiSaIiEEE8allocateEmPKv
FNDA:0,_ZN9__gnu_cxx13new_allocatorIiE8allocateEmPKv
FNDA:0,_ZN9__gnu_cxx13new_allocatorISt6vectorIiSaIiEEE10deallocateEPS3_m
FNDA:0,_ZN9__gnu_cxx13new_allocatorIiE10deallocateEPim
FNDA:0,_ZNK9__gnu_cxx13new_allocatorISt6vectorIiSaIiEEE8max_sizeEv
FNDA:0,_ZNK9__gnu_cxx13new_allocatorIiE8max_sizeEv
FNF:15
FNH:0
DA:79,0
DA:81,0
DA:86,0
DA:99,0
DA:101,0
DA:102,0
DA:111,0
DA:113,0
DA:115,0
DA:116,0
DA:125,0
DA:127,0
DA:129,0
DA:130,0
DA:139,0
DA:144,0
DA:153,0
DA:154,0
DA:155,0
DA:164,0
DA:165,0
DA:166,0
DA:175,0
DA:176,0
DA:179,0
DA:180,0
DA:181,0
DA:182,0
DA:183,0
DA:184,0
LF:30
LH:0
end_of_record
SF:/usr/include/c++/8/ext/type_traits.h
FN:152,_ZN9__gnu_cxx17__is_null_pointerIKcEEbPT_
FN:152,_ZN9__gnu_cxx17__is_null_pointerIcEEbPT_
FNDA:0,_ZN9__gnu_cxx17__is_null_pointerIcEEbPT_
FNDA:0,_ZN9__gnu_cxx17__is_null_pointerIKcEEbPT_
FNF:2
FNH:0
DA:152,0
DA:153,0
DA:154,0
DA:155,0
DA:156,0
DA:157,0
LF:6
LH:0
end_of_record
SF:/usr/include/c++/8/initializer_list
FN:71,_ZNKSt16initializer_listISt6vectorIiSaIiEEE4sizeEv
FN:71,_ZNKSt16initializer_listIiE4sizeEv
FN:75,_ZNKSt16initializer_listISt6vectorIiSaIiEEE5beginEv
FN:75,_ZNKSt16initializer_listIiE5beginEv
FN:79,_ZNKSt16initializer_listISt6vectorIiSaIiEEE3endEv
FN:79,_ZNKSt16initializer_listIiE3endEv
FNDA:0,_ZNKSt16initializer_listISt6vectorIiSaIiEEE4sizeEv
FNDA:0,_ZNKSt16initializer_listIiE4sizeEv
FNDA:0,_ZNKSt16initializer_listISt6vectorIiSaIiEEE5beginEv
FNDA:0,_ZNKSt16initializer_listIiE5beginEv
FNDA:0,_ZNKSt16initializer_listISt6vectorIiSaIiEEE3endEv
FNDA:0,_ZNKSt16initializer_listIiE3endEv
FNF:6
FNH:0
DA:71,0
DA:75,0
DA:79,0
LF:3
LH:0
end_of_record
SF:/usr/include/c++/8/new
FN:168,_ZnwmPv
FN:174,_ZdlPvS_
FNDA:0,_ZnwmPv
FNDA:0,_ZdlPvS_
FNF:2
FNH:0
DA:168,0
DA:169,0
DA:174,0
LF:3
LH:0
end_of_record
